2025-08-05 15:01:17 INFO  c.I.p.ProductServiceApplication - Starting ProductServiceApplication using Java 21.0.7 with PID 20424 (D:\InventoryMangementProject\product-service\target\classes started by Subhrajyoti Sahoo in D:\InventoryMangementProject)
2025-08-05 15:01:17 INFO  c.I.p.ProductServiceApplication - The following 1 profile is active: "dev"
2025-08-05 15:01:20 INFO  o.s.d.r.c.RepositoryConfigurationDelegate - Bootstrapping Spring Data JPA repositories in DEFAULT mode.
2025-08-05 15:01:20 INFO  o.s.d.r.c.RepositoryConfigurationDelegate - Finished Spring Data repository scanning in 364 ms. Found 1 JPA repository interface.
2025-08-05 15:01:21 INFO  o.s.cloud.context.scope.GenericScope - BeanFactory id=b826f8e8-622e-33e5-94cf-75037c65c230
2025-08-05 15:01:23 INFO  o.s.b.w.e.tomcat.TomcatWebServer - Tomcat initialized with port 8082 (http)
2025-08-05 15:01:23 INFO  o.a.catalina.core.StandardService - Starting service [Tomcat]
2025-08-05 15:01:23 INFO  o.a.catalina.core.StandardEngine - Starting Servlet engine: [Apache Tomcat/10.1.42]
2025-08-05 15:01:23 INFO  o.a.c.c.C.[Tomcat].[localhost].[/] - Initializing Spring embedded WebApplicationContext
2025-08-05 15:01:23 INFO  o.s.b.w.s.c.ServletWebServerApplicationContext - Root WebApplicationContext: initialization completed in 5945 ms
2025-08-05 15:01:24 INFO  o.h.jpa.internal.util.LogHelper - HHH000204: Processing PersistenceUnitInfo [name: default]
2025-08-05 15:01:24 INFO  org.hibernate.Version - HHH000412: Hibernate ORM core version 6.6.18.Final
2025-08-05 15:01:24 INFO  o.h.c.i.RegionFactoryInitiator - HHH000026: Second-level cache disabled
2025-08-05 15:01:25 INFO  o.s.o.j.p.SpringPersistenceUnitInfo - No LoadTimeWeaver setup: ignoring JPA class transformer
2025-08-05 15:01:25 INFO  com.zaxxer.hikari.HikariDataSource - HikariPool-1 - Starting...
2025-08-05 15:01:26 INFO  com.zaxxer.hikari.pool.HikariPool - HikariPool-1 - Added connection com.mysql.cj.jdbc.ConnectionImpl@1a22325d
2025-08-05 15:01:26 INFO  com.zaxxer.hikari.HikariDataSource - HikariPool-1 - Start completed.
2025-08-05 15:01:26 INFO  o.hibernate.orm.connections.pooling - HHH10001005: Database info:
	Database JDBC URL [Connecting through datasource 'HikariDataSource (HikariPool-1)']
	Database driver: undefined/unknown
	Database version: 8.0.42
	Autocommit mode: undefined/unknown
	Isolation level: undefined/unknown
	Minimum pool size: undefined/unknown
	Maximum pool size: undefined/unknown
2025-08-05 15:01:28 INFO  o.h.e.t.j.p.i.JtaPlatformInitiator - HHH000489: No JTA platform available (set 'hibernate.transaction.jta.platform' to enable JTA platform integration)
2025-08-05 15:01:28 INFO  o.s.o.j.LocalContainerEntityManagerFactoryBean - Initialized JPA EntityManagerFactory for persistence unit 'default'
2025-08-05 15:01:30 WARN  o.s.b.a.o.j.JpaBaseConfiguration$JpaWebConfiguration - spring.jpa.open-in-view is enabled by default. Therefore, database queries may be performed during view rendering. Explicitly configure spring.jpa.open-in-view to disable this warning
2025-08-05 15:01:37 INFO  o.s.c.n.e.c.DiscoveryClientOptionalArgsConfiguration - Eureka HTTP Client uses RestTemplate.
2025-08-05 15:01:38 WARN  o.s.c.l.c.LoadBalancerCacheAutoConfiguration$LoadBalancerCaffeineWarnLogger - Spring Cloud LoadBalancer is currently working with the default cache. While this cache implementation is useful for development and tests, it's recommended to use Caffeine cache in production.You can switch to using Caffeine cache, by adding it and org.springframework.cache.caffeine.CaffeineCacheManager to the classpath.
2025-08-05 15:01:38 INFO  o.s.b.a.e.web.EndpointLinksResolver - Exposing 1 endpoint beneath base path '/actuator'
2025-08-05 15:01:38 INFO  o.s.c.n.eureka.InstanceInfoFactory - Setting initial instance status as: STARTING
2025-08-05 15:01:38 INFO  c.netflix.discovery.DiscoveryClient - Initializing Eureka in region us-east-1
2025-08-05 15:01:38 INFO  c.n.d.s.r.aws.ConfigClusterResolver - Resolving eureka endpoints via configuration
2025-08-05 15:01:38 INFO  c.netflix.discovery.DiscoveryClient - Disable delta property : false
2025-08-05 15:01:38 INFO  c.netflix.discovery.DiscoveryClient - Single vip registry refresh property : null
2025-08-05 15:01:38 INFO  c.netflix.discovery.DiscoveryClient - Force full registry fetch : false
2025-08-05 15:01:38 INFO  c.netflix.discovery.DiscoveryClient - Application is null : false
2025-08-05 15:01:38 INFO  c.netflix.discovery.DiscoveryClient - Registered Applications size is zero : true
2025-08-05 15:01:38 INFO  c.netflix.discovery.DiscoveryClient - Application version is -1: true
2025-08-05 15:01:38 INFO  c.netflix.discovery.DiscoveryClient - Getting all instance registry info from the eureka server
2025-08-05 15:01:39 INFO  c.netflix.discovery.DiscoveryClient - The response status is 200
2025-08-05 15:01:39 INFO  c.netflix.discovery.DiscoveryClient - Starting heartbeat executor: renew interval is: 30
2025-08-05 15:01:39 INFO  c.n.discovery.InstanceInfoReplicator - InstanceInfoReplicator onDemand update allowed rate per min is 4
2025-08-05 15:01:39 INFO  c.netflix.discovery.DiscoveryClient - Discovery Client initialized at timestamp 1754386299755 with initial instances count: 1
2025-08-05 15:01:39 INFO  o.s.c.n.e.s.EurekaServiceRegistry - Registering application PRODUCT-SERVICE with eureka with status UP
2025-08-05 15:01:39 INFO  c.netflix.discovery.DiscoveryClient - Saw local status change event StatusChangeEvent [timestamp=1754386299783, current=UP, previous=STARTING]
2025-08-05 15:01:39 INFO  c.netflix.discovery.DiscoveryClient - DiscoveryClient_PRODUCT-SERVICE/DESKTOP-IISLKJA.mshome.net:product-service:8082: registering service...
2025-08-05 15:01:39 INFO  o.s.b.w.e.tomcat.TomcatWebServer - Tomcat started on port 8082 (http) with context path '/'
2025-08-05 15:01:39 INFO  o.s.c.n.e.s.EurekaAutoServiceRegistration - Updating port to 8082
2025-08-05 15:01:39 INFO  c.netflix.discovery.DiscoveryClient - DiscoveryClient_PRODUCT-SERVICE/DESKTOP-IISLKJA.mshome.net:product-service:8082 - registration status: 204
2025-08-05 15:01:39 INFO  c.I.p.ProductServiceApplication - Started ProductServiceApplication in 24.248 seconds (process running for 26.059)
2025-08-05 15:06:38 INFO  c.n.d.s.r.aws.ConfigClusterResolver - Resolving eureka endpoints via configuration
2025-08-05 15:07:58 INFO  o.s.c.n.e.s.EurekaServiceRegistry - Unregistering application PRODUCT-SERVICE with eureka with status DOWN
2025-08-05 15:07:58 INFO  c.netflix.discovery.DiscoveryClient - Saw local status change event StatusChangeEvent [timestamp=1754386678394, current=DOWN, previous=UP]
2025-08-05 15:07:58 INFO  c.netflix.discovery.DiscoveryClient - DiscoveryClient_PRODUCT-SERVICE/DESKTOP-IISLKJA.mshome.net:product-service:8082: registering service...
2025-08-05 15:07:58 INFO  c.netflix.discovery.DiscoveryClient - DiscoveryClient_PRODUCT-SERVICE/DESKTOP-IISLKJA.mshome.net:product-service:8082 - registration status: 204
2025-08-05 15:07:58 INFO  o.s.b.w.e.tomcat.GracefulShutdown - Commencing graceful shutdown. Waiting for active requests to complete
2025-08-05 15:07:58 INFO  o.s.b.w.e.tomcat.GracefulShutdown - Graceful shutdown complete
2025-08-05 15:07:58 INFO  o.s.o.j.LocalContainerEntityManagerFactoryBean - Closing JPA EntityManagerFactory for persistence unit 'default'
2025-08-05 15:07:58 INFO  com.zaxxer.hikari.HikariDataSource - HikariPool-1 - Shutdown initiated...
2025-08-05 15:07:58 INFO  com.zaxxer.hikari.HikariDataSource - HikariPool-1 - Shutdown completed.
2025-08-05 15:07:58 INFO  c.netflix.discovery.DiscoveryClient - Shutting down DiscoveryClient ...
2025-08-05 15:08:01 INFO  c.netflix.discovery.DiscoveryClient - Unregistering ...
2025-08-05 15:08:01 INFO  c.netflix.discovery.DiscoveryClient - DiscoveryClient_PRODUCT-SERVICE/DESKTOP-IISLKJA.mshome.net:product-service:8082 - deregister  status: 200
2025-08-05 15:08:01 INFO  c.netflix.discovery.DiscoveryClient - Completed shut down of DiscoveryClient
2025-08-05 15:08:09 INFO  c.I.p.ProductServiceApplication - Starting ProductServiceApplication using Java 21.0.7 with PID 13484 (D:\InventoryMangementProject\product-service\target\classes started by Subhrajyoti Sahoo in D:\InventoryMangementProject)
2025-08-05 15:08:09 INFO  c.I.p.ProductServiceApplication - The following 1 profile is active: "dev"
2025-08-05 15:08:14 INFO  o.s.d.r.c.RepositoryConfigurationDelegate - Bootstrapping Spring Data JPA repositories in DEFAULT mode.
2025-08-05 15:08:15 INFO  o.s.d.r.c.RepositoryConfigurationDelegate - Finished Spring Data repository scanning in 456 ms. Found 1 JPA repository interface.
2025-08-05 15:08:16 INFO  o.s.cloud.context.scope.GenericScope - BeanFactory id=b826f8e8-622e-33e5-94cf-75037c65c230
2025-08-05 15:08:19 INFO  o.s.b.w.e.tomcat.TomcatWebServer - Tomcat initialized with port 8082 (http)
2025-08-05 15:08:19 INFO  o.a.catalina.core.StandardService - Starting service [Tomcat]
2025-08-05 15:08:19 INFO  o.a.catalina.core.StandardEngine - Starting Servlet engine: [Apache Tomcat/10.1.42]
2025-08-05 15:08:19 INFO  o.a.c.c.C.[Tomcat].[localhost].[/] - Initializing Spring embedded WebApplicationContext
2025-08-05 15:08:19 INFO  o.s.b.w.s.c.ServletWebServerApplicationContext - Root WebApplicationContext: initialization completed in 9842 ms
2025-08-05 15:08:21 INFO  o.h.jpa.internal.util.LogHelper - HHH000204: Processing PersistenceUnitInfo [name: default]
2025-08-05 15:08:21 INFO  org.hibernate.Version - HHH000412: Hibernate ORM core version 6.6.18.Final
2025-08-05 15:08:21 INFO  o.h.c.i.RegionFactoryInitiator - HHH000026: Second-level cache disabled
2025-08-05 15:08:22 INFO  o.s.o.j.p.SpringPersistenceUnitInfo - No LoadTimeWeaver setup: ignoring JPA class transformer
2025-08-05 15:08:22 INFO  com.zaxxer.hikari.HikariDataSource - HikariPool-1 - Starting...
2025-08-05 15:08:23 INFO  com.zaxxer.hikari.pool.HikariPool - HikariPool-1 - Added connection com.mysql.cj.jdbc.ConnectionImpl@4bd1b07d
2025-08-05 15:08:23 INFO  com.zaxxer.hikari.HikariDataSource - HikariPool-1 - Start completed.
2025-08-05 15:08:24 INFO  o.hibernate.orm.connections.pooling - HHH10001005: Database info:
	Database JDBC URL [Connecting through datasource 'HikariDataSource (HikariPool-1)']
	Database driver: undefined/unknown
	Database version: 8.0.42
	Autocommit mode: undefined/unknown
	Isolation level: undefined/unknown
	Minimum pool size: undefined/unknown
	Maximum pool size: undefined/unknown
2025-08-05 15:08:27 INFO  o.h.e.t.j.p.i.JtaPlatformInitiator - HHH000489: No JTA platform available (set 'hibernate.transaction.jta.platform' to enable JTA platform integration)
2025-08-05 15:08:27 INFO  o.s.o.j.LocalContainerEntityManagerFactoryBean - Initialized JPA EntityManagerFactory for persistence unit 'default'
2025-08-05 15:08:29 WARN  o.s.b.a.o.j.JpaBaseConfiguration$JpaWebConfiguration - spring.jpa.open-in-view is enabled by default. Therefore, database queries may be performed during view rendering. Explicitly configure spring.jpa.open-in-view to disable this warning
2025-08-05 15:08:35 INFO  o.s.c.n.e.c.DiscoveryClientOptionalArgsConfiguration - Eureka HTTP Client uses RestTemplate.
2025-08-05 15:08:36 WARN  o.s.c.l.c.LoadBalancerCacheAutoConfiguration$LoadBalancerCaffeineWarnLogger - Spring Cloud LoadBalancer is currently working with the default cache. While this cache implementation is useful for development and tests, it's recommended to use Caffeine cache in production.You can switch to using Caffeine cache, by adding it and org.springframework.cache.caffeine.CaffeineCacheManager to the classpath.
2025-08-05 15:08:36 INFO  o.s.b.a.e.web.EndpointLinksResolver - Exposing 1 endpoint beneath base path '/actuator'
2025-08-05 15:08:36 INFO  o.s.c.n.eureka.InstanceInfoFactory - Setting initial instance status as: STARTING
2025-08-05 15:08:36 INFO  c.netflix.discovery.DiscoveryClient - Initializing Eureka in region us-east-1
2025-08-05 15:08:36 INFO  c.n.d.s.r.aws.ConfigClusterResolver - Resolving eureka endpoints via configuration
2025-08-05 15:08:36 INFO  c.netflix.discovery.DiscoveryClient - Disable delta property : false
2025-08-05 15:08:36 INFO  c.netflix.discovery.DiscoveryClient - Single vip registry refresh property : null
2025-08-05 15:08:36 INFO  c.netflix.discovery.DiscoveryClient - Force full registry fetch : false
2025-08-05 15:08:36 INFO  c.netflix.discovery.DiscoveryClient - Application is null : false
2025-08-05 15:08:36 INFO  c.netflix.discovery.DiscoveryClient - Registered Applications size is zero : true
2025-08-05 15:08:36 INFO  c.netflix.discovery.DiscoveryClient - Application version is -1: true
2025-08-05 15:08:36 INFO  c.netflix.discovery.DiscoveryClient - Getting all instance registry info from the eureka server
2025-08-05 15:08:38 INFO  c.netflix.discovery.DiscoveryClient - The response status is 200
2025-08-05 15:08:38 INFO  c.netflix.discovery.DiscoveryClient - Starting heartbeat executor: renew interval is: 30
2025-08-05 15:08:38 INFO  c.n.discovery.InstanceInfoReplicator - InstanceInfoReplicator onDemand update allowed rate per min is 4
2025-08-05 15:08:38 INFO  c.netflix.discovery.DiscoveryClient - Discovery Client initialized at timestamp 1754386718507 with initial instances count: 1
2025-08-05 15:08:38 INFO  o.s.c.n.e.s.EurekaServiceRegistry - Registering application PRODUCT-SERVICE with eureka with status UP
2025-08-05 15:08:38 INFO  c.netflix.discovery.DiscoveryClient - Saw local status change event StatusChangeEvent [timestamp=1754386718604, current=UP, previous=STARTING]
2025-08-05 15:08:38 INFO  c.netflix.discovery.DiscoveryClient - DiscoveryClient_PRODUCT-SERVICE/DESKTOP-IISLKJA.mshome.net:product-service:8082: registering service...
2025-08-05 15:08:38 INFO  o.s.b.w.e.tomcat.TomcatWebServer - Tomcat started on port 8082 (http) with context path '/'
2025-08-05 15:08:38 INFO  o.s.c.n.e.s.EurekaAutoServiceRegistration - Updating port to 8082
2025-08-05 15:08:39 INFO  c.netflix.discovery.DiscoveryClient - DiscoveryClient_PRODUCT-SERVICE/DESKTOP-IISLKJA.mshome.net:product-service:8082 - registration status: 204
2025-08-05 15:08:39 INFO  c.I.p.ProductServiceApplication - Started ProductServiceApplication in 33.24 seconds (process running for 35.373)
2025-08-05 15:11:11 INFO  o.s.c.n.e.s.EurekaServiceRegistry - Unregistering application PRODUCT-SERVICE with eureka with status DOWN
2025-08-05 15:11:11 INFO  c.netflix.discovery.DiscoveryClient - Saw local status change event StatusChangeEvent [timestamp=1754386871208, current=DOWN, previous=UP]
2025-08-05 15:11:11 INFO  c.netflix.discovery.DiscoveryClient - DiscoveryClient_PRODUCT-SERVICE/DESKTOP-IISLKJA.mshome.net:product-service:8082: registering service...
2025-08-05 15:11:11 INFO  c.netflix.discovery.DiscoveryClient - DiscoveryClient_PRODUCT-SERVICE/DESKTOP-IISLKJA.mshome.net:product-service:8082 - registration status: 204
2025-08-05 15:11:11 INFO  o.s.b.w.e.tomcat.GracefulShutdown - Commencing graceful shutdown. Waiting for active requests to complete
2025-08-05 15:11:11 INFO  o.s.b.w.e.tomcat.GracefulShutdown - Graceful shutdown complete
2025-08-05 15:11:11 INFO  o.s.o.j.LocalContainerEntityManagerFactoryBean - Closing JPA EntityManagerFactory for persistence unit 'default'
2025-08-05 15:11:11 INFO  com.zaxxer.hikari.HikariDataSource - HikariPool-1 - Shutdown initiated...
2025-08-05 15:11:11 INFO  com.zaxxer.hikari.HikariDataSource - HikariPool-1 - Shutdown completed.
2025-08-05 15:11:11 INFO  c.netflix.discovery.DiscoveryClient - Shutting down DiscoveryClient ...
2025-08-05 15:11:14 INFO  c.netflix.discovery.DiscoveryClient - Unregistering ...
2025-08-05 15:11:14 INFO  c.netflix.discovery.DiscoveryClient - DiscoveryClient_PRODUCT-SERVICE/DESKTOP-IISLKJA.mshome.net:product-service:8082 - deregister  status: 200
2025-08-05 15:11:14 INFO  c.netflix.discovery.DiscoveryClient - Completed shut down of DiscoveryClient
2025-08-05 15:11:18 INFO  c.I.p.ProductServiceApplication - Starting ProductServiceApplication using Java 21.0.7 with PID 13324 (D:\InventoryMangementProject\product-service\target\classes started by Subhrajyoti Sahoo in D:\InventoryMangementProject)
2025-08-05 15:11:18 INFO  c.I.p.ProductServiceApplication - The following 1 profile is active: "dev"
2025-08-05 15:11:21 INFO  o.s.d.r.c.RepositoryConfigurationDelegate - Bootstrapping Spring Data JPA repositories in DEFAULT mode.
2025-08-05 15:11:22 INFO  o.s.d.r.c.RepositoryConfigurationDelegate - Finished Spring Data repository scanning in 404 ms. Found 1 JPA repository interface.
2025-08-05 15:11:23 INFO  o.s.cloud.context.scope.GenericScope - BeanFactory id=b826f8e8-622e-33e5-94cf-75037c65c230
2025-08-05 15:11:25 INFO  o.s.b.w.e.tomcat.TomcatWebServer - Tomcat initialized with port 8082 (http)
2025-08-05 15:11:25 INFO  o.a.catalina.core.StandardService - Starting service [Tomcat]
2025-08-05 15:11:25 INFO  o.a.catalina.core.StandardEngine - Starting Servlet engine: [Apache Tomcat/10.1.42]
2025-08-05 15:11:25 INFO  o.a.c.c.C.[Tomcat].[localhost].[/] - Initializing Spring embedded WebApplicationContext
2025-08-05 15:11:25 INFO  o.s.b.w.s.c.ServletWebServerApplicationContext - Root WebApplicationContext: initialization completed in 7055 ms
2025-08-05 15:11:27 INFO  o.h.jpa.internal.util.LogHelper - HHH000204: Processing PersistenceUnitInfo [name: default]
2025-08-05 15:11:27 INFO  org.hibernate.Version - HHH000412: Hibernate ORM core version 6.6.18.Final
2025-08-05 15:11:28 INFO  o.h.c.i.RegionFactoryInitiator - HHH000026: Second-level cache disabled
2025-08-05 15:11:29 INFO  o.s.o.j.p.SpringPersistenceUnitInfo - No LoadTimeWeaver setup: ignoring JPA class transformer
2025-08-05 15:11:29 INFO  com.zaxxer.hikari.HikariDataSource - HikariPool-1 - Starting...
2025-08-05 15:11:30 INFO  com.zaxxer.hikari.pool.HikariPool - HikariPool-1 - Added connection com.mysql.cj.jdbc.ConnectionImpl@6aed4a23
2025-08-05 15:11:30 INFO  com.zaxxer.hikari.HikariDataSource - HikariPool-1 - Start completed.
2025-08-05 15:11:31 INFO  o.hibernate.orm.connections.pooling - HHH10001005: Database info:
	Database JDBC URL [Connecting through datasource 'HikariDataSource (HikariPool-1)']
	Database driver: undefined/unknown
	Database version: 8.0.42
	Autocommit mode: undefined/unknown
	Isolation level: undefined/unknown
	Minimum pool size: undefined/unknown
	Maximum pool size: undefined/unknown
2025-08-05 15:11:33 INFO  o.h.e.t.j.p.i.JtaPlatformInitiator - HHH000489: No JTA platform available (set 'hibernate.transaction.jta.platform' to enable JTA platform integration)
2025-08-05 15:11:34 INFO  o.s.o.j.LocalContainerEntityManagerFactoryBean - Initialized JPA EntityManagerFactory for persistence unit 'default'
2025-08-05 15:11:36 WARN  o.s.b.a.o.j.JpaBaseConfiguration$JpaWebConfiguration - spring.jpa.open-in-view is enabled by default. Therefore, database queries may be performed during view rendering. Explicitly configure spring.jpa.open-in-view to disable this warning
2025-08-05 15:11:42 INFO  o.s.c.n.e.c.DiscoveryClientOptionalArgsConfiguration - Eureka HTTP Client uses RestTemplate.
2025-08-05 15:11:42 WARN  o.s.c.l.c.LoadBalancerCacheAutoConfiguration$LoadBalancerCaffeineWarnLogger - Spring Cloud LoadBalancer is currently working with the default cache. While this cache implementation is useful for development and tests, it's recommended to use Caffeine cache in production.You can switch to using Caffeine cache, by adding it and org.springframework.cache.caffeine.CaffeineCacheManager to the classpath.
2025-08-05 15:11:42 INFO  o.s.b.a.e.web.EndpointLinksResolver - Exposing 1 endpoint beneath base path '/actuator'
2025-08-05 15:11:43 INFO  o.s.c.n.eureka.InstanceInfoFactory - Setting initial instance status as: STARTING
2025-08-05 15:11:43 INFO  c.netflix.discovery.DiscoveryClient - Initializing Eureka in region us-east-1
2025-08-05 15:11:43 INFO  c.n.d.s.r.aws.ConfigClusterResolver - Resolving eureka endpoints via configuration
2025-08-05 15:11:43 INFO  c.netflix.discovery.DiscoveryClient - Disable delta property : false
2025-08-05 15:11:43 INFO  c.netflix.discovery.DiscoveryClient - Single vip registry refresh property : null
2025-08-05 15:11:43 INFO  c.netflix.discovery.DiscoveryClient - Force full registry fetch : false
2025-08-05 15:11:43 INFO  c.netflix.discovery.DiscoveryClient - Application is null : false
2025-08-05 15:11:43 INFO  c.netflix.discovery.DiscoveryClient - Registered Applications size is zero : true
2025-08-05 15:11:43 INFO  c.netflix.discovery.DiscoveryClient - Application version is -1: true
2025-08-05 15:11:43 INFO  c.netflix.discovery.DiscoveryClient - Getting all instance registry info from the eureka server
2025-08-05 15:11:44 INFO  c.netflix.discovery.DiscoveryClient - The response status is 200
2025-08-05 15:11:44 INFO  c.netflix.discovery.DiscoveryClient - Starting heartbeat executor: renew interval is: 30
2025-08-05 15:11:44 INFO  c.n.discovery.InstanceInfoReplicator - InstanceInfoReplicator onDemand update allowed rate per min is 4
2025-08-05 15:11:44 INFO  c.netflix.discovery.DiscoveryClient - Discovery Client initialized at timestamp 1754386904196 with initial instances count: 2
2025-08-05 15:11:44 INFO  o.s.c.n.e.s.EurekaServiceRegistry - Registering application PRODUCT-SERVICE with eureka with status UP
2025-08-05 15:11:44 INFO  c.netflix.discovery.DiscoveryClient - Saw local status change event StatusChangeEvent [timestamp=1754386904229, current=UP, previous=STARTING]
2025-08-05 15:11:44 INFO  c.netflix.discovery.DiscoveryClient - DiscoveryClient_PRODUCT-SERVICE/DESKTOP-IISLKJA.mshome.net:product-service:8082: registering service...
2025-08-05 15:11:44 INFO  o.s.b.w.e.tomcat.TomcatWebServer - Tomcat started on port 8082 (http) with context path '/'
2025-08-05 15:11:44 INFO  o.s.c.n.e.s.EurekaAutoServiceRegistration - Updating port to 8082
2025-08-05 15:11:44 INFO  c.netflix.discovery.DiscoveryClient - DiscoveryClient_PRODUCT-SERVICE/DESKTOP-IISLKJA.mshome.net:product-service:8082 - registration status: 204
2025-08-05 15:11:44 INFO  c.I.p.ProductServiceApplication - Started ProductServiceApplication in 26.955 seconds (process running for 28.207)
2025-08-05 15:16:43 INFO  c.n.d.s.r.aws.ConfigClusterResolver - Resolving eureka endpoints via configuration
2025-08-05 15:19:21 INFO  o.s.c.n.e.s.EurekaServiceRegistry - Unregistering application PRODUCT-SERVICE with eureka with status DOWN
2025-08-05 15:19:21 INFO  c.netflix.discovery.DiscoveryClient - Saw local status change event StatusChangeEvent [timestamp=1754387361710, current=DOWN, previous=UP]
2025-08-05 15:19:21 INFO  c.netflix.discovery.DiscoveryClient - DiscoveryClient_PRODUCT-SERVICE/DESKTOP-IISLKJA.mshome.net:product-service:8082: registering service...
2025-08-05 15:19:21 INFO  c.netflix.discovery.DiscoveryClient - DiscoveryClient_PRODUCT-SERVICE/DESKTOP-IISLKJA.mshome.net:product-service:8082 - registration status: 204
2025-08-05 15:19:21 INFO  o.s.b.w.e.tomcat.GracefulShutdown - Commencing graceful shutdown. Waiting for active requests to complete
2025-08-05 15:19:21 INFO  o.s.b.w.e.tomcat.GracefulShutdown - Graceful shutdown complete
2025-08-05 15:19:21 INFO  o.s.o.j.LocalContainerEntityManagerFactoryBean - Closing JPA EntityManagerFactory for persistence unit 'default'
2025-08-05 15:19:22 INFO  com.zaxxer.hikari.HikariDataSource - HikariPool-1 - Shutdown initiated...
2025-08-05 15:19:22 INFO  com.zaxxer.hikari.HikariDataSource - HikariPool-1 - Shutdown completed.
2025-08-05 15:19:22 INFO  c.netflix.discovery.DiscoveryClient - Shutting down DiscoveryClient ...
2025-08-05 15:19:25 INFO  c.netflix.discovery.DiscoveryClient - Unregistering ...
2025-08-05 15:19:25 INFO  c.netflix.discovery.DiscoveryClient - DiscoveryClient_PRODUCT-SERVICE/DESKTOP-IISLKJA.mshome.net:product-service:8082 - deregister  status: 200
2025-08-05 15:19:25 INFO  c.netflix.discovery.DiscoveryClient - Completed shut down of DiscoveryClient
2025-08-05 15:19:31 INFO  c.I.p.ProductServiceApplication - Starting ProductServiceApplication using Java 21.0.7 with PID 21432 (D:\InventoryMangementProject\product-service\target\classes started by Subhrajyoti Sahoo in D:\InventoryMangementProject)
2025-08-05 15:19:31 INFO  c.I.p.ProductServiceApplication - The following 1 profile is active: "dev"
2025-08-05 15:19:34 INFO  o.s.d.r.c.RepositoryConfigurationDelegate - Bootstrapping Spring Data JPA repositories in DEFAULT mode.
2025-08-05 15:19:35 INFO  o.s.d.r.c.RepositoryConfigurationDelegate - Finished Spring Data repository scanning in 295 ms. Found 1 JPA repository interface.
2025-08-05 15:19:36 INFO  o.s.cloud.context.scope.GenericScope - BeanFactory id=b826f8e8-622e-33e5-94cf-75037c65c230
2025-08-05 15:19:38 INFO  o.s.b.w.e.tomcat.TomcatWebServer - Tomcat initialized with port 8082 (http)
2025-08-05 15:19:38 INFO  o.a.catalina.core.StandardService - Starting service [Tomcat]
2025-08-05 15:19:38 INFO  o.a.catalina.core.StandardEngine - Starting Servlet engine: [Apache Tomcat/10.1.42]
2025-08-05 15:19:38 INFO  o.a.c.c.C.[Tomcat].[localhost].[/] - Initializing Spring embedded WebApplicationContext
2025-08-05 15:19:38 INFO  o.s.b.w.s.c.ServletWebServerApplicationContext - Root WebApplicationContext: initialization completed in 6509 ms
2025-08-05 15:19:39 INFO  o.h.jpa.internal.util.LogHelper - HHH000204: Processing PersistenceUnitInfo [name: default]
2025-08-05 15:19:39 INFO  org.hibernate.Version - HHH000412: Hibernate ORM core version 6.6.18.Final
2025-08-05 15:19:39 INFO  o.h.c.i.RegionFactoryInitiator - HHH000026: Second-level cache disabled
2025-08-05 15:19:40 INFO  o.s.o.j.p.SpringPersistenceUnitInfo - No LoadTimeWeaver setup: ignoring JPA class transformer
2025-08-05 15:19:40 INFO  com.zaxxer.hikari.HikariDataSource - HikariPool-1 - Starting...
2025-08-05 15:19:41 INFO  com.zaxxer.hikari.pool.HikariPool - HikariPool-1 - Added connection com.mysql.cj.jdbc.ConnectionImpl@508abc74
2025-08-05 15:19:41 INFO  com.zaxxer.hikari.HikariDataSource - HikariPool-1 - Start completed.
2025-08-05 15:19:42 INFO  o.hibernate.orm.connections.pooling - HHH10001005: Database info:
	Database JDBC URL [Connecting through datasource 'HikariDataSource (HikariPool-1)']
	Database driver: undefined/unknown
	Database version: 8.0.42
	Autocommit mode: undefined/unknown
	Isolation level: undefined/unknown
	Minimum pool size: undefined/unknown
	Maximum pool size: undefined/unknown
2025-08-05 15:19:44 INFO  o.h.e.t.j.p.i.JtaPlatformInitiator - HHH000489: No JTA platform available (set 'hibernate.transaction.jta.platform' to enable JTA platform integration)
2025-08-05 15:19:44 INFO  o.s.o.j.LocalContainerEntityManagerFactoryBean - Initialized JPA EntityManagerFactory for persistence unit 'default'
2025-08-05 15:19:45 WARN  o.s.b.a.o.j.JpaBaseConfiguration$JpaWebConfiguration - spring.jpa.open-in-view is enabled by default. Therefore, database queries may be performed during view rendering. Explicitly configure spring.jpa.open-in-view to disable this warning
2025-08-05 15:19:50 INFO  o.s.c.n.e.c.DiscoveryClientOptionalArgsConfiguration - Eureka HTTP Client uses RestTemplate.
2025-08-05 15:19:50 WARN  o.s.c.l.c.LoadBalancerCacheAutoConfiguration$LoadBalancerCaffeineWarnLogger - Spring Cloud LoadBalancer is currently working with the default cache. While this cache implementation is useful for development and tests, it's recommended to use Caffeine cache in production.You can switch to using Caffeine cache, by adding it and org.springframework.cache.caffeine.CaffeineCacheManager to the classpath.
2025-08-05 15:19:50 INFO  o.s.b.a.e.web.EndpointLinksResolver - Exposing 1 endpoint beneath base path '/actuator'
2025-08-05 15:19:51 INFO  o.s.c.n.eureka.InstanceInfoFactory - Setting initial instance status as: STARTING
2025-08-05 15:19:51 INFO  c.netflix.discovery.DiscoveryClient - Initializing Eureka in region us-east-1
2025-08-05 15:19:51 INFO  c.n.d.s.r.aws.ConfigClusterResolver - Resolving eureka endpoints via configuration
2025-08-05 15:19:51 INFO  c.netflix.discovery.DiscoveryClient - Disable delta property : false
2025-08-05 15:19:51 INFO  c.netflix.discovery.DiscoveryClient - Single vip registry refresh property : null
2025-08-05 15:19:51 INFO  c.netflix.discovery.DiscoveryClient - Force full registry fetch : false
2025-08-05 15:19:51 INFO  c.netflix.discovery.DiscoveryClient - Application is null : false
2025-08-05 15:19:51 INFO  c.netflix.discovery.DiscoveryClient - Registered Applications size is zero : true
2025-08-05 15:19:51 INFO  c.netflix.discovery.DiscoveryClient - Application version is -1: true
2025-08-05 15:19:51 INFO  c.netflix.discovery.DiscoveryClient - Getting all instance registry info from the eureka server
2025-08-05 15:19:52 INFO  c.netflix.discovery.DiscoveryClient - The response status is 200
2025-08-05 15:19:52 INFO  c.netflix.discovery.DiscoveryClient - Starting heartbeat executor: renew interval is: 30
2025-08-05 15:19:52 INFO  c.n.discovery.InstanceInfoReplicator - InstanceInfoReplicator onDemand update allowed rate per min is 4
2025-08-05 15:19:52 INFO  c.netflix.discovery.DiscoveryClient - Discovery Client initialized at timestamp 1754387392249 with initial instances count: 3
2025-08-05 15:19:52 INFO  o.s.c.n.e.s.EurekaServiceRegistry - Registering application PRODUCT-SERVICE with eureka with status UP
2025-08-05 15:19:52 INFO  c.netflix.discovery.DiscoveryClient - Saw local status change event StatusChangeEvent [timestamp=1754387392274, current=UP, previous=STARTING]
2025-08-05 15:19:52 INFO  c.netflix.discovery.DiscoveryClient - DiscoveryClient_PRODUCT-SERVICE/DESKTOP-IISLKJA.mshome.net:product-service:8082: registering service...
2025-08-05 15:19:52 INFO  o.s.b.w.e.tomcat.TomcatWebServer - Tomcat started on port 8082 (http) with context path '/'
2025-08-05 15:19:52 INFO  o.s.c.n.e.s.EurekaAutoServiceRegistration - Updating port to 8082
2025-08-05 15:19:52 INFO  c.netflix.discovery.DiscoveryClient - DiscoveryClient_PRODUCT-SERVICE/DESKTOP-IISLKJA.mshome.net:product-service:8082 - registration status: 204
2025-08-05 15:19:52 INFO  c.I.p.ProductServiceApplication - Started ProductServiceApplication in 22.471 seconds (process running for 24.26)
2025-08-05 15:20:33 INFO  o.a.c.c.C.[Tomcat].[localhost].[/] - Initializing Spring DispatcherServlet 'dispatcherServlet'
2025-08-05 15:20:33 INFO  o.s.web.servlet.DispatcherServlet - Initializing Servlet 'dispatcherServlet'
2025-08-05 15:20:33 INFO  o.s.web.servlet.DispatcherServlet - Completed initialization in 4 ms
2025-08-05 15:22:59 WARN  o.h.e.jdbc.spi.SqlExceptionHelper - SQL Error: 1062, SQLState: 23000
2025-08-05 15:22:59 ERROR o.h.e.jdbc.spi.SqlExceptionHelper - Duplicate entry 'Oneplus 17' for key 'product.UKjmivyxk9rmgysrmsqw15lqr5b'
2025-08-05 15:23:07 INFO  o.a.k.c.producer.ProducerConfig - ProducerConfig values: 
	acks = -1
	auto.include.jmx.reporter = true
	batch.size = 16384
	bootstrap.servers = [localhost:9092]
	buffer.memory = 33554432
	client.dns.lookup = use_all_dns_ips
	client.id = product-service-producer-1
	compression.gzip.level = -1
	compression.lz4.level = 9
	compression.type = none
	compression.zstd.level = 3
	connections.max.idle.ms = 540000
	delivery.timeout.ms = 120000
	enable.idempotence = true
	enable.metrics.push = true
	interceptor.classes = []
	key.serializer = class org.apache.kafka.common.serialization.StringSerializer
	linger.ms = 0
	max.block.ms = 60000
	max.in.flight.requests.per.connection = 5
	max.request.size = 1048576
	metadata.max.age.ms = 300000
	metadata.max.idle.ms = 300000
	metadata.recovery.strategy = none
	metric.reporters = []
	metrics.num.samples = 2
	metrics.recording.level = INFO
	metrics.sample.window.ms = 30000
	partitioner.adaptive.partitioning.enable = true
	partitioner.availability.timeout.ms = 0
	partitioner.class = null
	partitioner.ignore.keys = false
	receive.buffer.bytes = 32768
	reconnect.backoff.max.ms = 1000
	reconnect.backoff.ms = 50
	request.timeout.ms = 30000
	retries = 2147483647
	retry.backoff.max.ms = 1000
	retry.backoff.ms = 100
	sasl.client.callback.handler.class = null
	sasl.jaas.config = null
	sasl.kerberos.kinit.cmd = /usr/bin/kinit
	sasl.kerberos.min.time.before.relogin = 60000
	sasl.kerberos.service.name = null
	sasl.kerberos.ticket.renew.jitter = 0.05
	sasl.kerberos.ticket.renew.window.factor = 0.8
	sasl.login.callback.handler.class = null
	sasl.login.class = null
	sasl.login.connect.timeout.ms = null
	sasl.login.read.timeout.ms = null
	sasl.login.refresh.buffer.seconds = 300
	sasl.login.refresh.min.period.seconds = 60
	sasl.login.refresh.window.factor = 0.8
	sasl.login.refresh.window.jitter = 0.05
	sasl.login.retry.backoff.max.ms = 10000
	sasl.login.retry.backoff.ms = 100
	sasl.mechanism = GSSAPI
	sasl.oauthbearer.clock.skew.seconds = 30
	sasl.oauthbearer.expected.audience = null
	sasl.oauthbearer.expected.issuer = null
	sasl.oauthbearer.header.urlencode = false
	sasl.oauthbearer.jwks.endpoint.refresh.ms = 3600000
	sasl.oauthbearer.jwks.endpoint.retry.backoff.max.ms = 10000
	sasl.oauthbearer.jwks.endpoint.retry.backoff.ms = 100
	sasl.oauthbearer.jwks.endpoint.url = null
	sasl.oauthbearer.scope.claim.name = scope
	sasl.oauthbearer.sub.claim.name = sub
	sasl.oauthbearer.token.endpoint.url = null
	security.protocol = PLAINTEXT
	security.providers = null
	send.buffer.bytes = 131072
	socket.connection.setup.timeout.max.ms = 30000
	socket.connection.setup.timeout.ms = 10000
	ssl.cipher.suites = null
	ssl.enabled.protocols = [TLSv1.2, TLSv1.3]
	ssl.endpoint.identification.algorithm = https
	ssl.engine.factory.class = null
	ssl.key.password = null
	ssl.keymanager.algorithm = SunX509
	ssl.keystore.certificate.chain = null
	ssl.keystore.key = null
	ssl.keystore.location = null
	ssl.keystore.password = null
	ssl.keystore.type = JKS
	ssl.protocol = TLSv1.3
	ssl.provider = null
	ssl.secure.random.implementation = null
	ssl.trustmanager.algorithm = PKIX
	ssl.truststore.certificates = null
	ssl.truststore.location = null
	ssl.truststore.password = null
	ssl.truststore.type = JKS
	transaction.timeout.ms = 60000
	transactional.id = null
	value.serializer = class org.apache.kafka.common.serialization.StringSerializer

2025-08-05 15:23:07 INFO  o.a.k.c.t.i.KafkaMetricsCollector - initializing Kafka metrics collector
2025-08-05 15:23:07 INFO  o.a.k.clients.producer.KafkaProducer - [Producer clientId=product-service-producer-1] Instantiated an idempotent producer.
2025-08-05 15:23:07 INFO  o.a.kafka.common.utils.AppInfoParser - Kafka version: 3.9.1
2025-08-05 15:23:07 INFO  o.a.kafka.common.utils.AppInfoParser - Kafka commitId: f745dfdcee2b9851
2025-08-05 15:23:07 INFO  o.a.kafka.common.utils.AppInfoParser - Kafka startTimeMs: 1754387587477
2025-08-05 15:23:09 INFO  org.apache.kafka.clients.Metadata - [Producer clientId=product-service-producer-1] Cluster ID: UIh9icUqQ22W_sJ91rM6bw
2025-08-05 15:23:09 INFO  o.a.k.c.p.i.TransactionManager - [Producer clientId=product-service-producer-1] ProducerId set to 19001 with epoch 0
2025-08-05 15:23:09 INFO  c.I.p.kafka.ProductEventProducer - Published product event to Kafka: Product created: Oneplus 19
2025-08-05 15:24:51 INFO  c.n.d.s.r.aws.ConfigClusterResolver - Resolving eureka endpoints via configuration
2025-08-05 15:29:51 INFO  c.n.d.s.r.aws.ConfigClusterResolver - Resolving eureka endpoints via configuration
2025-08-05 15:30:41 INFO  o.apache.kafka.clients.NetworkClient - [Producer clientId=product-service-producer-1] Node -1 disconnected.
2025-08-05 15:30:41 INFO  o.apache.kafka.clients.NetworkClient - [Producer clientId=product-service-producer-1] Node 0 disconnected.
2025-08-05 15:30:41 INFO  o.apache.kafka.clients.NetworkClient - [Producer clientId=product-service-producer-1] Cancelled in-flight METADATA request with correlation id 10 due to node 0 being disconnected (elapsed time since creation: 3ms, elapsed time since send: 3ms, throttle time: 0ms, request timeout: 30000ms)
2025-08-05 15:30:43 INFO  o.apache.kafka.clients.NetworkClient - [Producer clientId=product-service-producer-1] Node 0 disconnected.
2025-08-05 15:30:44 WARN  o.apache.kafka.clients.NetworkClient - [Producer clientId=product-service-producer-1] Connection to node 0 (DESKTOP-IISLKJA.mshome.net/172.20.240.1:9092) could not be established. Node may not be available.
2025-08-05 15:30:46 INFO  o.apache.kafka.clients.NetworkClient - [Producer clientId=product-service-producer-1] Node 0 disconnected.
2025-08-05 15:30:46 WARN  o.apache.kafka.clients.NetworkClient - [Producer clientId=product-service-producer-1] Connection to node 0 (DESKTOP-IISLKJA.mshome.net/172.20.240.1:9092) could not be established. Node may not be available.
2025-08-05 15:30:48 INFO  o.apache.kafka.clients.NetworkClient - [Producer clientId=product-service-producer-1] Node 0 disconnected.
2025-08-05 15:30:48 WARN  o.apache.kafka.clients.NetworkClient - [Producer clientId=product-service-producer-1] Connection to node 0 (DESKTOP-IISLKJA.mshome.net/172.20.240.1:9092) could not be established. Node may not be available.
2025-08-05 15:30:51 INFO  o.apache.kafka.clients.NetworkClient - [Producer clientId=product-service-producer-1] Node 0 disconnected.
2025-08-05 15:30:51 WARN  o.apache.kafka.clients.NetworkClient - [Producer clientId=product-service-producer-1] Connection to node 0 (DESKTOP-IISLKJA.mshome.net/172.20.240.1:9092) could not be established. Node may not be available.
2025-08-05 15:30:54 INFO  o.apache.kafka.clients.NetworkClient - [Producer clientId=product-service-producer-1] Node 0 disconnected.
2025-08-05 15:30:54 WARN  o.apache.kafka.clients.NetworkClient - [Producer clientId=product-service-producer-1] Connection to node 0 (DESKTOP-IISLKJA.mshome.net/172.20.240.1:9092) could not be established. Node may not be available.
2025-08-05 15:30:57 INFO  o.apache.kafka.clients.NetworkClient - [Producer clientId=product-service-producer-1] Node 0 disconnected.
2025-08-05 15:30:57 WARN  o.apache.kafka.clients.NetworkClient - [Producer clientId=product-service-producer-1] Connection to node 0 (DESKTOP-IISLKJA.mshome.net/172.20.240.1:9092) could not be established. Node may not be available.
2025-08-05 15:31:00 INFO  o.apache.kafka.clients.NetworkClient - [Producer clientId=product-service-producer-1] Node 0 disconnected.
2025-08-05 15:31:00 WARN  o.apache.kafka.clients.NetworkClient - [Producer clientId=product-service-producer-1] Connection to node 0 (DESKTOP-IISLKJA.mshome.net/172.20.240.1:9092) could not be established. Node may not be available.
2025-08-05 15:31:03 INFO  o.apache.kafka.clients.NetworkClient - [Producer clientId=product-service-producer-1] Node 0 disconnected.
2025-08-05 15:31:03 WARN  o.apache.kafka.clients.NetworkClient - [Producer clientId=product-service-producer-1] Connection to node 0 (DESKTOP-IISLKJA.mshome.net/172.20.240.1:9092) could not be established. Node may not be available.
2025-08-05 15:31:07 INFO  o.apache.kafka.clients.NetworkClient - [Producer clientId=product-service-producer-1] Node 0 disconnected.
2025-08-05 15:31:07 WARN  o.apache.kafka.clients.NetworkClient - [Producer clientId=product-service-producer-1] Connection to node 0 (DESKTOP-IISLKJA.mshome.net/172.20.240.1:9092) could not be established. Node may not be available.
2025-08-05 15:31:10 INFO  o.apache.kafka.clients.NetworkClient - [Producer clientId=product-service-producer-1] Node 0 disconnected.
2025-08-05 15:31:10 WARN  o.apache.kafka.clients.NetworkClient - [Producer clientId=product-service-producer-1] Connection to node 0 (DESKTOP-IISLKJA.mshome.net/172.20.240.1:9092) could not be established. Node may not be available.
2025-08-05 15:31:13 INFO  o.apache.kafka.clients.NetworkClient - [Producer clientId=product-service-producer-1] Node 0 disconnected.
2025-08-05 15:31:13 WARN  o.apache.kafka.clients.NetworkClient - [Producer clientId=product-service-producer-1] Connection to node 0 (DESKTOP-IISLKJA.mshome.net/172.20.240.1:9092) could not be established. Node may not be available.
2025-08-05 15:31:16 INFO  o.apache.kafka.clients.NetworkClient - [Producer clientId=product-service-producer-1] Node 0 disconnected.
2025-08-05 15:31:16 WARN  o.apache.kafka.clients.NetworkClient - [Producer clientId=product-service-producer-1] Connection to node 0 (DESKTOP-IISLKJA.mshome.net/172.20.240.1:9092) could not be established. Node may not be available.
2025-08-05 15:31:19 INFO  o.apache.kafka.clients.NetworkClient - [Producer clientId=product-service-producer-1] Node 0 disconnected.
2025-08-05 15:31:19 WARN  o.apache.kafka.clients.NetworkClient - [Producer clientId=product-service-producer-1] Connection to node 0 (DESKTOP-IISLKJA.mshome.net/172.20.240.1:9092) could not be established. Node may not be available.
2025-08-05 15:31:22 INFO  o.apache.kafka.clients.NetworkClient - [Producer clientId=product-service-producer-1] Node 0 disconnected.
2025-08-05 15:31:22 WARN  o.apache.kafka.clients.NetworkClient - [Producer clientId=product-service-producer-1] Connection to node 0 (DESKTOP-IISLKJA.mshome.net/172.20.240.1:9092) could not be established. Node may not be available.
2025-08-05 15:31:25 INFO  o.apache.kafka.clients.NetworkClient - [Producer clientId=product-service-producer-1] Node 0 disconnected.
2025-08-05 15:31:25 WARN  o.apache.kafka.clients.NetworkClient - [Producer clientId=product-service-producer-1] Connection to node 0 (DESKTOP-IISLKJA.mshome.net/172.20.240.1:9092) could not be established. Node may not be available.
2025-08-05 15:31:28 INFO  o.apache.kafka.clients.NetworkClient - [Producer clientId=product-service-producer-1] Node 0 disconnected.
2025-08-05 15:31:28 WARN  o.apache.kafka.clients.NetworkClient - [Producer clientId=product-service-producer-1] Connection to node 0 (DESKTOP-IISLKJA.mshome.net/172.20.240.1:9092) could not be established. Node may not be available.
2025-08-05 15:31:31 INFO  o.apache.kafka.clients.NetworkClient - [Producer clientId=product-service-producer-1] Node 0 disconnected.
2025-08-05 15:31:31 WARN  o.apache.kafka.clients.NetworkClient - [Producer clientId=product-service-producer-1] Connection to node 0 (DESKTOP-IISLKJA.mshome.net/172.20.240.1:9092) could not be established. Node may not be available.
2025-08-05 15:31:34 INFO  o.apache.kafka.clients.NetworkClient - [Producer clientId=product-service-producer-1] Node 0 disconnected.
2025-08-05 15:31:34 WARN  o.apache.kafka.clients.NetworkClient - [Producer clientId=product-service-producer-1] Connection to node 0 (DESKTOP-IISLKJA.mshome.net/172.20.240.1:9092) could not be established. Node may not be available.
2025-08-05 15:31:37 INFO  o.apache.kafka.clients.NetworkClient - [Producer clientId=product-service-producer-1] Node 0 disconnected.
2025-08-05 15:31:37 WARN  o.apache.kafka.clients.NetworkClient - [Producer clientId=product-service-producer-1] Connection to node 0 (DESKTOP-IISLKJA.mshome.net/172.20.240.1:9092) could not be established. Node may not be available.
2025-08-05 15:31:40 INFO  o.apache.kafka.clients.NetworkClient - [Producer clientId=product-service-producer-1] Node 0 disconnected.
2025-08-05 15:31:40 WARN  o.apache.kafka.clients.NetworkClient - [Producer clientId=product-service-producer-1] Connection to node 0 (DESKTOP-IISLKJA.mshome.net/172.20.240.1:9092) could not be established. Node may not be available.
2025-08-05 15:31:43 INFO  o.apache.kafka.clients.NetworkClient - [Producer clientId=product-service-producer-1] Node 0 disconnected.
2025-08-05 15:31:43 WARN  o.apache.kafka.clients.NetworkClient - [Producer clientId=product-service-producer-1] Connection to node 0 (DESKTOP-IISLKJA.mshome.net/172.20.240.1:9092) could not be established. Node may not be available.
2025-08-05 15:31:46 INFO  o.apache.kafka.clients.NetworkClient - [Producer clientId=product-service-producer-1] Node 0 disconnected.
2025-08-05 15:31:46 WARN  o.apache.kafka.clients.NetworkClient - [Producer clientId=product-service-producer-1] Connection to node 0 (DESKTOP-IISLKJA.mshome.net/172.20.240.1:9092) could not be established. Node may not be available.
2025-08-05 15:31:49 INFO  o.apache.kafka.clients.NetworkClient - [Producer clientId=product-service-producer-1] Node 0 disconnected.
2025-08-05 15:31:49 WARN  o.apache.kafka.clients.NetworkClient - [Producer clientId=product-service-producer-1] Connection to node 0 (DESKTOP-IISLKJA.mshome.net/172.20.240.1:9092) could not be established. Node may not be available.
2025-08-05 15:31:52 INFO  o.apache.kafka.clients.NetworkClient - [Producer clientId=product-service-producer-1] Node 0 disconnected.
2025-08-05 15:31:52 WARN  o.apache.kafka.clients.NetworkClient - [Producer clientId=product-service-producer-1] Connection to node 0 (DESKTOP-IISLKJA.mshome.net/172.20.240.1:9092) could not be established. Node may not be available.
2025-08-05 15:31:55 INFO  o.apache.kafka.clients.NetworkClient - [Producer clientId=product-service-producer-1] Node 0 disconnected.
2025-08-05 15:31:55 WARN  o.apache.kafka.clients.NetworkClient - [Producer clientId=product-service-producer-1] Connection to node 0 (DESKTOP-IISLKJA.mshome.net/172.20.240.1:9092) could not be established. Node may not be available.
2025-08-05 15:31:58 INFO  o.apache.kafka.clients.NetworkClient - [Producer clientId=product-service-producer-1] Node 0 disconnected.
2025-08-05 15:31:58 WARN  o.apache.kafka.clients.NetworkClient - [Producer clientId=product-service-producer-1] Connection to node 0 (DESKTOP-IISLKJA.mshome.net/172.20.240.1:9092) could not be established. Node may not be available.
2025-08-05 15:32:00 INFO  o.s.c.n.e.s.EurekaServiceRegistry - Unregistering application PRODUCT-SERVICE with eureka with status DOWN
2025-08-05 15:32:00 INFO  c.netflix.discovery.DiscoveryClient - Saw local status change event StatusChangeEvent [timestamp=1754388120484, current=DOWN, previous=UP]
2025-08-05 15:32:00 INFO  c.netflix.discovery.DiscoveryClient - DiscoveryClient_PRODUCT-SERVICE/DESKTOP-IISLKJA.mshome.net:product-service:8082: registering service...
2025-08-05 15:32:00 INFO  c.netflix.discovery.DiscoveryClient - DiscoveryClient_PRODUCT-SERVICE/DESKTOP-IISLKJA.mshome.net:product-service:8082 - registration status: 204
2025-08-05 15:32:01 INFO  o.s.b.w.e.tomcat.GracefulShutdown - Commencing graceful shutdown. Waiting for active requests to complete
2025-08-05 15:32:01 INFO  o.s.b.w.e.tomcat.GracefulShutdown - Graceful shutdown complete
2025-08-05 15:32:01 INFO  o.a.k.clients.producer.KafkaProducer - [Producer clientId=product-service-producer-1] Closing the Kafka producer with timeoutMillis = 30000 ms.
2025-08-05 15:32:01 INFO  o.a.kafka.common.metrics.Metrics - Metrics scheduler closed
2025-08-05 15:32:01 INFO  o.a.kafka.common.metrics.Metrics - Closing reporter org.apache.kafka.common.metrics.JmxReporter
2025-08-05 15:32:01 INFO  o.a.kafka.common.metrics.Metrics - Closing reporter org.apache.kafka.common.telemetry.internals.ClientTelemetryReporter
2025-08-05 15:32:01 INFO  o.a.kafka.common.metrics.Metrics - Metrics reporters closed
2025-08-05 15:32:01 INFO  o.a.kafka.common.utils.AppInfoParser - App info kafka.producer for product-service-producer-1 unregistered
2025-08-05 15:32:02 INFO  o.s.o.j.LocalContainerEntityManagerFactoryBean - Closing JPA EntityManagerFactory for persistence unit 'default'
2025-08-05 15:32:02 INFO  com.zaxxer.hikari.HikariDataSource - HikariPool-1 - Shutdown initiated...
2025-08-05 15:32:02 INFO  com.zaxxer.hikari.HikariDataSource - HikariPool-1 - Shutdown completed.
2025-08-05 15:32:02 INFO  c.netflix.discovery.DiscoveryClient - Shutting down DiscoveryClient ...
2025-08-05 15:32:06 INFO  c.netflix.discovery.DiscoveryClient - Unregistering ...
2025-08-05 15:32:06 INFO  c.n.d.s.t.d.RedirectingEurekaHttpClient - Request execution error. endpoint=DefaultEndpoint{ serviceUrl='http://localhost:8761/eureka/} exception=I/O error on DELETE request for "http://localhost:8761/eureka/apps/PRODUCT-SERVICE/DESKTOP-IISLKJA.mshome.net:product-service:8082": Connect to http://localhost:8761 failed: Connection refused: getsockopt stacktrace=org.springframework.web.client.ResourceAccessException: I/O error on DELETE request for "http://localhost:8761/eureka/apps/PRODUCT-SERVICE/DESKTOP-IISLKJA.mshome.net:product-service:8082": Connect to http://localhost:8761 failed: Connection refused: getsockopt
	at org.springframework.web.client.RestTemplate.createResourceAccessException(RestTemplate.java:926)
	at org.springframework.web.client.RestTemplate.doExecute(RestTemplate.java:906)
	at org.springframework.web.client.RestTemplate.execute(RestTemplate.java:841)
	at org.springframework.web.client.RestTemplate.exchange(RestTemplate.java:702)
	at org.springframework.cloud.netflix.eureka.http.RestTemplateEurekaHttpClient.cancel(RestTemplateEurekaHttpClient.java:100)
	at com.netflix.discovery.shared.transport.decorator.EurekaHttpClientDecorator$2.execute(EurekaHttpClientDecorator.java:74)
	at com.netflix.discovery.shared.transport.decorator.RedirectingEurekaHttpClient.execute(RedirectingEurekaHttpClient.java:91)
	at com.netflix.discovery.shared.transport.decorator.EurekaHttpClientDecorator.cancel(EurekaHttpClientDecorator.java:71)
	at com.netflix.discovery.shared.transport.decorator.EurekaHttpClientDecorator$2.execute(EurekaHttpClientDecorator.java:74)
	at com.netflix.discovery.shared.transport.decorator.RetryableEurekaHttpClient.execute(RetryableEurekaHttpClient.java:120)
	at com.netflix.discovery.shared.transport.decorator.EurekaHttpClientDecorator.cancel(EurekaHttpClientDecorator.java:71)
	at com.netflix.discovery.shared.transport.decorator.EurekaHttpClientDecorator$2.execute(EurekaHttpClientDecorator.java:74)
	at com.netflix.discovery.shared.transport.decorator.SessionedEurekaHttpClient.execute(SessionedEurekaHttpClient.java:76)
	at com.netflix.discovery.shared.transport.decorator.EurekaHttpClientDecorator.cancel(EurekaHttpClientDecorator.java:71)
	at com.netflix.discovery.DiscoveryClient.unregister(DiscoveryClient.java:919)
	at com.netflix.discovery.DiscoveryClient.shutdown(DiscoveryClient.java:900)
	at java.base/jdk.internal.reflect.DirectMethodHandleAccessor.invoke(DirectMethodHandleAccessor.java:103)
	at java.base/java.lang.reflect.Method.invoke(Method.java:580)
	at org.springframework.beans.factory.annotation.InitDestroyAnnotationBeanPostProcessor$LifecycleMethod.invoke(InitDestroyAnnotationBeanPostProcessor.java:457)
	at org.springframework.beans.factory.annotation.InitDestroyAnnotationBeanPostProcessor$LifecycleMetadata.invokeDestroyMethods(InitDestroyAnnotationBeanPostProcessor.java:415)
	at org.springframework.beans.factory.annotation.InitDestroyAnnotationBeanPostProcessor.postProcessBeforeDestruction(InitDestroyAnnotationBeanPostProcessor.java:239)
	at org.springframework.beans.factory.support.DisposableBeanAdapter.destroy(DisposableBeanAdapter.java:202)
	at org.springframework.beans.factory.support.DisposableBeanAdapter.run(DisposableBeanAdapter.java:195)
	at org.springframework.cloud.context.scope.GenericScope$BeanLifecycleWrapper.destroy(GenericScope.java:387)
	at org.springframework.cloud.context.scope.GenericScope.destroy(GenericScope.java:134)
	at org.springframework.beans.factory.support.DisposableBeanAdapter.destroy(DisposableBeanAdapter.java:211)
	at org.springframework.beans.factory.support.DefaultSingletonBeanRegistry.destroyBean(DefaultSingletonBeanRegistry.java:798)
	at org.springframework.beans.factory.support.DefaultSingletonBeanRegistry.destroySingleton(DefaultSingletonBeanRegistry.java:748)
	at org.springframework.beans.factory.support.DefaultListableBeanFactory.destroySingleton(DefaultListableBeanFactory.java:1474)
	at org.springframework.beans.factory.support.DefaultSingletonBeanRegistry.destroySingletons(DefaultSingletonBeanRegistry.java:707)
	at org.springframework.beans.factory.support.DefaultListableBeanFactory.destroySingletons(DefaultListableBeanFactory.java:1467)
	at org.springframework.context.support.AbstractApplicationContext.destroyBeans(AbstractApplicationContext.java:1219)
	at org.springframework.context.support.AbstractApplicationContext.doClose(AbstractApplicationContext.java:1180)
	at org.springframework.boot.web.servlet.context.ServletWebServerApplicationContext.doClose(ServletWebServerApplicationContext.java:179)
	at org.springframework.context.support.AbstractApplicationContext.close(AbstractApplicationContext.java:1126)
	at org.springframework.boot.SpringApplicationShutdownHook.closeAndWait(SpringApplicationShutdownHook.java:147)
	at java.base/java.lang.Iterable.forEach(Iterable.java:75)
	at org.springframework.boot.SpringApplicationShutdownHook.run(SpringApplicationShutdownHook.java:116)
	at java.base/java.lang.Thread.run(Thread.java:1583)
Caused by: org.apache.hc.client5.http.HttpHostConnectException: Connect to http://localhost:8761 failed: Connection refused: getsockopt
	at java.base/sun.nio.ch.Net.pollConnect(Native Method)
	at java.base/sun.nio.ch.Net.pollConnectNow(Net.java:682)
	at java.base/sun.nio.ch.NioSocketImpl.timedFinishConnect(NioSocketImpl.java:542)
	at java.base/sun.nio.ch.NioSocketImpl.connect(NioSocketImpl.java:592)
	at java.base/java.net.SocksSocketImpl.connect(SocksSocketImpl.java:327)
	at java.base/java.net.Socket.connect(Socket.java:751)
	at org.apache.hc.client5.http.impl.io.DefaultHttpClientConnectionOperator.connect(DefaultHttpClientConnectionOperator.java:205)
	at org.apache.hc.client5.http.impl.io.PoolingHttpClientConnectionManager.connect(PoolingHttpClientConnectionManager.java:490)
	at org.apache.hc.client5.http.impl.classic.InternalExecRuntime.connectEndpoint(InternalExecRuntime.java:164)
	at org.apache.hc.client5.http.impl.classic.InternalExecRuntime.connectEndpoint(InternalExecRuntime.java:174)
	at org.apache.hc.client5.http.impl.classic.ConnectExec.execute(ConnectExec.java:144)
	at org.apache.hc.client5.http.impl.classic.ExecChainElement.execute(ExecChainElement.java:51)
	at org.apache.hc.client5.http.impl.classic.ProtocolExec.execute(ProtocolExec.java:195)
	at org.apache.hc.client5.http.impl.classic.ExecChainElement.execute(ExecChainElement.java:51)
	at org.apache.hc.client5.http.impl.classic.ContentCompressionExec.execute(ContentCompressionExec.java:150)
	at org.apache.hc.client5.http.impl.classic.ExecChainElement.execute(ExecChainElement.java:51)
	at org.apache.hc.client5.http.impl.classic.HttpRequestRetryExec.execute(HttpRequestRetryExec.java:113)
	at org.apache.hc.client5.http.impl.classic.ExecChainElement.execute(ExecChainElement.java:51)
	at org.apache.hc.client5.http.impl.classic.RedirectExec.execute(RedirectExec.java:110)
	at org.apache.hc.client5.http.impl.classic.ExecChainElement.execute(ExecChainElement.java:51)
	at org.apache.hc.client5.http.impl.classic.InternalHttpClient.doExecute(InternalHttpClient.java:185)
	at org.apache.hc.client5.http.impl.classic.CloseableHttpClient.execute(CloseableHttpClient.java:87)
	at org.apache.hc.client5.http.impl.classic.CloseableHttpClient.execute(CloseableHttpClient.java:55)
	at org.apache.hc.client5.http.classic.HttpClient.executeOpen(HttpClient.java:183)
	at org.springframework.http.client.HttpComponentsClientHttpRequest.executeInternal(HttpComponentsClientHttpRequest.java:99)
	at org.springframework.http.client.AbstractStreamingClientHttpRequest.executeInternal(AbstractStreamingClientHttpRequest.java:71)
	at org.springframework.http.client.AbstractClientHttpRequest.execute(AbstractClientHttpRequest.java:81)
	at org.springframework.http.client.InterceptingClientHttpRequest$InterceptingRequestExecution.execute(InterceptingClientHttpRequest.java:117)
	at org.springframework.cloud.netflix.eureka.http.RestTemplateTransportClientFactory.lambda$restTemplate$2(RestTemplateTransportClientFactory.java:145)
	at org.springframework.http.client.InterceptingClientHttpRequest$InterceptingRequestExecution.execute(InterceptingClientHttpRequest.java:88)
	at org.springframework.http.client.InterceptingClientHttpRequest.executeInternal(InterceptingClientHttpRequest.java:72)
	at org.springframework.http.client.AbstractBufferingClientHttpRequest.executeInternal(AbstractBufferingClientHttpRequest.java:48)
	at org.springframework.http.client.AbstractClientHttpRequest.execute(AbstractClientHttpRequest.java:81)
	at org.springframework.web.client.RestTemplate.doExecute(RestTemplate.java:900)
	... 37 more

2025-08-05 15:32:06 WARN  c.n.d.s.t.d.RetryableEurekaHttpClient - Request execution failed with message: I/O error on DELETE request for "http://localhost:8761/eureka/apps/PRODUCT-SERVICE/DESKTOP-IISLKJA.mshome.net:product-service:8082": Connect to http://localhost:8761 failed: Connection refused: getsockopt
2025-08-05 15:32:06 INFO  c.n.d.s.t.d.RedirectingEurekaHttpClient - Request execution error. endpoint=DefaultEndpoint{ serviceUrl='http://localhost:8761/eureka/}, exception=I/O error on DELETE request for "http://localhost:8761/eureka/apps/PRODUCT-SERVICE/DESKTOP-IISLKJA.mshome.net:product-service:8082": Connect to http://localhost:8761 failed: Connection refused: getsockopt stacktrace=org.springframework.web.client.ResourceAccessException: I/O error on DELETE request for "http://localhost:8761/eureka/apps/PRODUCT-SERVICE/DESKTOP-IISLKJA.mshome.net:product-service:8082": Connect to http://localhost:8761 failed: Connection refused: getsockopt
	at org.springframework.web.client.RestTemplate.createResourceAccessException(RestTemplate.java:926)
	at org.springframework.web.client.RestTemplate.doExecute(RestTemplate.java:906)
	at org.springframework.web.client.RestTemplate.execute(RestTemplate.java:841)
	at org.springframework.web.client.RestTemplate.exchange(RestTemplate.java:702)
	at org.springframework.cloud.netflix.eureka.http.RestTemplateEurekaHttpClient.cancel(RestTemplateEurekaHttpClient.java:100)
	at com.netflix.discovery.shared.transport.decorator.EurekaHttpClientDecorator$2.execute(EurekaHttpClientDecorator.java:74)
	at com.netflix.discovery.shared.transport.decorator.RedirectingEurekaHttpClient.executeOnNewServer(RedirectingEurekaHttpClient.java:121)
	at com.netflix.discovery.shared.transport.decorator.RedirectingEurekaHttpClient.execute(RedirectingEurekaHttpClient.java:80)
	at com.netflix.discovery.shared.transport.decorator.EurekaHttpClientDecorator.cancel(EurekaHttpClientDecorator.java:71)
	at com.netflix.discovery.shared.transport.decorator.EurekaHttpClientDecorator$2.execute(EurekaHttpClientDecorator.java:74)
	at com.netflix.discovery.shared.transport.decorator.RetryableEurekaHttpClient.execute(RetryableEurekaHttpClient.java:120)
	at com.netflix.discovery.shared.transport.decorator.EurekaHttpClientDecorator.cancel(EurekaHttpClientDecorator.java:71)
	at com.netflix.discovery.shared.transport.decorator.EurekaHttpClientDecorator$2.execute(EurekaHttpClientDecorator.java:74)
	at com.netflix.discovery.shared.transport.decorator.SessionedEurekaHttpClient.execute(SessionedEurekaHttpClient.java:76)
	at com.netflix.discovery.shared.transport.decorator.EurekaHttpClientDecorator.cancel(EurekaHttpClientDecorator.java:71)
	at com.netflix.discovery.DiscoveryClient.unregister(DiscoveryClient.java:919)
	at com.netflix.discovery.DiscoveryClient.shutdown(DiscoveryClient.java:900)
	at java.base/jdk.internal.reflect.DirectMethodHandleAccessor.invoke(DirectMethodHandleAccessor.java:103)
	at java.base/java.lang.reflect.Method.invoke(Method.java:580)
	at org.springframework.beans.factory.annotation.InitDestroyAnnotationBeanPostProcessor$LifecycleMethod.invoke(InitDestroyAnnotationBeanPostProcessor.java:457)
	at org.springframework.beans.factory.annotation.InitDestroyAnnotationBeanPostProcessor$LifecycleMetadata.invokeDestroyMethods(InitDestroyAnnotationBeanPostProcessor.java:415)
	at org.springframework.beans.factory.annotation.InitDestroyAnnotationBeanPostProcessor.postProcessBeforeDestruction(InitDestroyAnnotationBeanPostProcessor.java:239)
	at org.springframework.beans.factory.support.DisposableBeanAdapter.destroy(DisposableBeanAdapter.java:202)
	at org.springframework.beans.factory.support.DisposableBeanAdapter.run(DisposableBeanAdapter.java:195)
	at org.springframework.cloud.context.scope.GenericScope$BeanLifecycleWrapper.destroy(GenericScope.java:387)
	at org.springframework.cloud.context.scope.GenericScope.destroy(GenericScope.java:134)
	at org.springframework.beans.factory.support.DisposableBeanAdapter.destroy(DisposableBeanAdapter.java:211)
	at org.springframework.beans.factory.support.DefaultSingletonBeanRegistry.destroyBean(DefaultSingletonBeanRegistry.java:798)
	at org.springframework.beans.factory.support.DefaultSingletonBeanRegistry.destroySingleton(DefaultSingletonBeanRegistry.java:748)
	at org.springframework.beans.factory.support.DefaultListableBeanFactory.destroySingleton(DefaultListableBeanFactory.java:1474)
	at org.springframework.beans.factory.support.DefaultSingletonBeanRegistry.destroySingletons(DefaultSingletonBeanRegistry.java:707)
	at org.springframework.beans.factory.support.DefaultListableBeanFactory.destroySingletons(DefaultListableBeanFactory.java:1467)
	at org.springframework.context.support.AbstractApplicationContext.destroyBeans(AbstractApplicationContext.java:1219)
	at org.springframework.context.support.AbstractApplicationContext.doClose(AbstractApplicationContext.java:1180)
	at org.springframework.boot.web.servlet.context.ServletWebServerApplicationContext.doClose(ServletWebServerApplicationContext.java:179)
	at org.springframework.context.support.AbstractApplicationContext.close(AbstractApplicationContext.java:1126)
	at org.springframework.boot.SpringApplicationShutdownHook.closeAndWait(SpringApplicationShutdownHook.java:147)
	at java.base/java.lang.Iterable.forEach(Iterable.java:75)
	at org.springframework.boot.SpringApplicationShutdownHook.run(SpringApplicationShutdownHook.java:116)
	at java.base/java.lang.Thread.run(Thread.java:1583)
Caused by: org.apache.hc.client5.http.HttpHostConnectException: Connect to http://localhost:8761 failed: Connection refused: getsockopt
	at java.base/sun.nio.ch.Net.pollConnect(Native Method)
	at java.base/sun.nio.ch.Net.pollConnectNow(Net.java:682)
	at java.base/sun.nio.ch.NioSocketImpl.timedFinishConnect(NioSocketImpl.java:542)
	at java.base/sun.nio.ch.NioSocketImpl.connect(NioSocketImpl.java:592)
	at java.base/java.net.SocksSocketImpl.connect(SocksSocketImpl.java:327)
	at java.base/java.net.Socket.connect(Socket.java:751)
	at org.apache.hc.client5.http.impl.io.DefaultHttpClientConnectionOperator.connect(DefaultHttpClientConnectionOperator.java:205)
	at org.apache.hc.client5.http.impl.io.PoolingHttpClientConnectionManager.connect(PoolingHttpClientConnectionManager.java:490)
	at org.apache.hc.client5.http.impl.classic.InternalExecRuntime.connectEndpoint(InternalExecRuntime.java:164)
	at org.apache.hc.client5.http.impl.classic.InternalExecRuntime.connectEndpoint(InternalExecRuntime.java:174)
	at org.apache.hc.client5.http.impl.classic.ConnectExec.execute(ConnectExec.java:144)
	at org.apache.hc.client5.http.impl.classic.ExecChainElement.execute(ExecChainElement.java:51)
	at org.apache.hc.client5.http.impl.classic.ProtocolExec.execute(ProtocolExec.java:195)
	at org.apache.hc.client5.http.impl.classic.ExecChainElement.execute(ExecChainElement.java:51)
	at org.apache.hc.client5.http.impl.classic.ContentCompressionExec.execute(ContentCompressionExec.java:150)
	at org.apache.hc.client5.http.impl.classic.ExecChainElement.execute(ExecChainElement.java:51)
	at org.apache.hc.client5.http.impl.classic.HttpRequestRetryExec.execute(HttpRequestRetryExec.java:113)
	at org.apache.hc.client5.http.impl.classic.ExecChainElement.execute(ExecChainElement.java:51)
	at org.apache.hc.client5.http.impl.classic.RedirectExec.execute(RedirectExec.java:110)
	at org.apache.hc.client5.http.impl.classic.ExecChainElement.execute(ExecChainElement.java:51)
	at org.apache.hc.client5.http.impl.classic.InternalHttpClient.doExecute(InternalHttpClient.java:185)
	at org.apache.hc.client5.http.impl.classic.CloseableHttpClient.execute(CloseableHttpClient.java:87)
	at org.apache.hc.client5.http.impl.classic.CloseableHttpClient.execute(CloseableHttpClient.java:55)
	at org.apache.hc.client5.http.classic.HttpClient.executeOpen(HttpClient.java:183)
	at org.springframework.http.client.HttpComponentsClientHttpRequest.executeInternal(HttpComponentsClientHttpRequest.java:99)
	at org.springframework.http.client.AbstractStreamingClientHttpRequest.executeInternal(AbstractStreamingClientHttpRequest.java:71)
	at org.springframework.http.client.AbstractClientHttpRequest.execute(AbstractClientHttpRequest.java:81)
	at org.springframework.http.client.InterceptingClientHttpRequest$InterceptingRequestExecution.execute(InterceptingClientHttpRequest.java:117)
	at org.springframework.cloud.netflix.eureka.http.RestTemplateTransportClientFactory.lambda$restTemplate$2(RestTemplateTransportClientFactory.java:145)
	at org.springframework.http.client.InterceptingClientHttpRequest$InterceptingRequestExecution.execute(InterceptingClientHttpRequest.java:88)
	at org.springframework.http.client.InterceptingClientHttpRequest.executeInternal(InterceptingClientHttpRequest.java:72)
	at org.springframework.http.client.AbstractBufferingClientHttpRequest.executeInternal(AbstractBufferingClientHttpRequest.java:48)
	at org.springframework.http.client.AbstractClientHttpRequest.execute(AbstractClientHttpRequest.java:81)
	at org.springframework.web.client.RestTemplate.doExecute(RestTemplate.java:900)
	... 38 more

2025-08-05 15:32:06 WARN  c.n.d.s.t.d.RetryableEurekaHttpClient - Request execution failed with message: I/O error on DELETE request for "http://localhost:8761/eureka/apps/PRODUCT-SERVICE/DESKTOP-IISLKJA.mshome.net:product-service:8082": Connect to http://localhost:8761 failed: Connection refused: getsockopt
2025-08-05 15:32:06 ERROR c.netflix.discovery.DiscoveryClient - DiscoveryClient_PRODUCT-SERVICE/DESKTOP-IISLKJA.mshome.net:product-service:8082 - de-registration failedCannot execute request on any known server
com.netflix.discovery.shared.transport.TransportException: Cannot execute request on any known server
	at com.netflix.discovery.shared.transport.decorator.RetryableEurekaHttpClient.execute(RetryableEurekaHttpClient.java:112)
	at com.netflix.discovery.shared.transport.decorator.EurekaHttpClientDecorator.cancel(EurekaHttpClientDecorator.java:71)
	at com.netflix.discovery.shared.transport.decorator.EurekaHttpClientDecorator$2.execute(EurekaHttpClientDecorator.java:74)
	at com.netflix.discovery.shared.transport.decorator.SessionedEurekaHttpClient.execute(SessionedEurekaHttpClient.java:76)
	at com.netflix.discovery.shared.transport.decorator.EurekaHttpClientDecorator.cancel(EurekaHttpClientDecorator.java:71)
	at com.netflix.discovery.DiscoveryClient.unregister(DiscoveryClient.java:919)
	at com.netflix.discovery.DiscoveryClient.shutdown(DiscoveryClient.java:900)
	at java.base/jdk.internal.reflect.DirectMethodHandleAccessor.invoke(DirectMethodHandleAccessor.java:103)
	at java.base/java.lang.reflect.Method.invoke(Method.java:580)
	at org.springframework.beans.factory.annotation.InitDestroyAnnotationBeanPostProcessor$LifecycleMethod.invoke(InitDestroyAnnotationBeanPostProcessor.java:457)
	at org.springframework.beans.factory.annotation.InitDestroyAnnotationBeanPostProcessor$LifecycleMetadata.invokeDestroyMethods(InitDestroyAnnotationBeanPostProcessor.java:415)
	at org.springframework.beans.factory.annotation.InitDestroyAnnotationBeanPostProcessor.postProcessBeforeDestruction(InitDestroyAnnotationBeanPostProcessor.java:239)
	at org.springframework.beans.factory.support.DisposableBeanAdapter.destroy(DisposableBeanAdapter.java:202)
	at org.springframework.beans.factory.support.DisposableBeanAdapter.run(DisposableBeanAdapter.java:195)
	at org.springframework.cloud.context.scope.GenericScope$BeanLifecycleWrapper.destroy(GenericScope.java:387)
	at org.springframework.cloud.context.scope.GenericScope.destroy(GenericScope.java:134)
	at org.springframework.beans.factory.support.DisposableBeanAdapter.destroy(DisposableBeanAdapter.java:211)
	at org.springframework.beans.factory.support.DefaultSingletonBeanRegistry.destroyBean(DefaultSingletonBeanRegistry.java:798)
	at org.springframework.beans.factory.support.DefaultSingletonBeanRegistry.destroySingleton(DefaultSingletonBeanRegistry.java:748)
	at org.springframework.beans.factory.support.DefaultListableBeanFactory.destroySingleton(DefaultListableBeanFactory.java:1474)
	at org.springframework.beans.factory.support.DefaultSingletonBeanRegistry.destroySingletons(DefaultSingletonBeanRegistry.java:707)
	at org.springframework.beans.factory.support.DefaultListableBeanFactory.destroySingletons(DefaultListableBeanFactory.java:1467)
	at org.springframework.context.support.AbstractApplicationContext.destroyBeans(AbstractApplicationContext.java:1219)
	at org.springframework.context.support.AbstractApplicationContext.doClose(AbstractApplicationContext.java:1180)
	at org.springframework.boot.web.servlet.context.ServletWebServerApplicationContext.doClose(ServletWebServerApplicationContext.java:179)
	at org.springframework.context.support.AbstractApplicationContext.close(AbstractApplicationContext.java:1126)
	at org.springframework.boot.SpringApplicationShutdownHook.closeAndWait(SpringApplicationShutdownHook.java:147)
	at java.base/java.lang.Iterable.forEach(Iterable.java:75)
	at org.springframework.boot.SpringApplicationShutdownHook.run(SpringApplicationShutdownHook.java:116)
	at java.base/java.lang.Thread.run(Thread.java:1583)
2025-08-05 15:32:06 INFO  c.netflix.discovery.DiscoveryClient - Completed shut down of DiscoveryClient
