2025-07-30 11:46:24 INFO  c.I.p.ProductServiceApplication - Starting ProductServiceApplication using Java 21.0.7 with PID 4464 (D:\InventoryMangementProject\product-service\target\classes started by Subhrajyoti Sahoo in D:\InventoryMangementProject\user-service)
2025-07-30 11:46:24 INFO  c.I.p.ProductServiceApplication - No active profile set, falling back to 1 default profile: "default"
2025-07-30 11:46:27 INFO  o.s.d.r.c.RepositoryConfigurationDelegate - Bootstrapping Spring Data JPA repositories in DEFAULT mode.
2025-07-30 11:46:27 INFO  o.s.d.r.c.RepositoryConfigurationDelegate - Finished Spring Data repository scanning in 289 ms. Found 1 JPA repository interface.
2025-07-30 11:46:28 INFO  o.s.cloud.context.scope.GenericScope - BeanFactory id=b826f8e8-622e-33e5-94cf-75037c65c230
2025-07-30 11:46:30 INFO  o.s.b.w.e.tomcat.TomcatWebServer - Tomcat initialized with port 8082 (http)
2025-07-30 11:46:30 INFO  o.a.catalina.core.StandardService - Starting service [Tomcat]
2025-07-30 11:46:30 INFO  o.a.catalina.core.StandardEngine - Starting Servlet engine: [Apache Tomcat/10.1.42]
2025-07-30 11:46:30 INFO  o.a.c.c.C.[Tomcat].[localhost].[/] - Initializing Spring embedded WebApplicationContext
2025-07-30 11:46:30 INFO  o.s.b.w.s.c.ServletWebServerApplicationContext - Root WebApplicationContext: initialization completed in 6451 ms
2025-07-30 11:46:32 INFO  o.h.jpa.internal.util.LogHelper - HHH000204: Processing PersistenceUnitInfo [name: default]
2025-07-30 11:46:32 INFO  org.hibernate.Version - HHH000412: Hibernate ORM core version 6.6.18.Final
2025-07-30 11:46:32 INFO  o.h.c.i.RegionFactoryInitiator - HHH000026: Second-level cache disabled
2025-07-30 11:46:32 INFO  o.s.o.j.p.SpringPersistenceUnitInfo - No LoadTimeWeaver setup: ignoring JPA class transformer
2025-07-30 11:46:32 INFO  com.zaxxer.hikari.HikariDataSource - HikariPool-1 - Starting...
2025-07-30 11:46:33 INFO  com.zaxxer.hikari.pool.HikariPool - HikariPool-1 - Added connection com.mysql.cj.jdbc.ConnectionImpl@3a61d819
2025-07-30 11:46:33 INFO  com.zaxxer.hikari.HikariDataSource - HikariPool-1 - Start completed.
2025-07-30 11:46:34 INFO  o.hibernate.orm.connections.pooling - HHH10001005: Database info:
	Database JDBC URL [Connecting through datasource 'HikariDataSource (HikariPool-1)']
	Database driver: undefined/unknown
	Database version: 8.0.42
	Autocommit mode: undefined/unknown
	Isolation level: undefined/unknown
	Minimum pool size: undefined/unknown
	Maximum pool size: undefined/unknown
2025-07-30 11:46:35 INFO  o.h.e.t.j.p.i.JtaPlatformInitiator - HHH000489: No JTA platform available (set 'hibernate.transaction.jta.platform' to enable JTA platform integration)
2025-07-30 11:46:35 INFO  o.s.o.j.LocalContainerEntityManagerFactoryBean - Initialized JPA EntityManagerFactory for persistence unit 'default'
2025-07-30 11:46:37 WARN  o.s.b.a.o.j.JpaBaseConfiguration$JpaWebConfiguration - spring.jpa.open-in-view is enabled by default. Therefore, database queries may be performed during view rendering. Explicitly configure spring.jpa.open-in-view to disable this warning
2025-07-30 11:46:41 INFO  o.s.c.n.e.c.DiscoveryClientOptionalArgsConfiguration - Eureka HTTP Client uses RestTemplate.
2025-07-30 11:46:42 WARN  o.s.c.l.c.LoadBalancerCacheAutoConfiguration$LoadBalancerCaffeineWarnLogger - Spring Cloud LoadBalancer is currently working with the default cache. While this cache implementation is useful for development and tests, it's recommended to use Caffeine cache in production.You can switch to using Caffeine cache, by adding it and org.springframework.cache.caffeine.CaffeineCacheManager to the classpath.
2025-07-30 11:46:42 INFO  o.s.b.a.e.web.EndpointLinksResolver - Exposing 1 endpoint beneath base path '/actuator'
2025-07-30 11:46:42 INFO  o.s.c.n.eureka.InstanceInfoFactory - Setting initial instance status as: STARTING
2025-07-30 11:46:42 INFO  c.netflix.discovery.DiscoveryClient - Initializing Eureka in region us-east-1
2025-07-30 11:46:42 INFO  c.n.d.s.r.aws.ConfigClusterResolver - Resolving eureka endpoints via configuration
2025-07-30 11:46:42 INFO  c.netflix.discovery.DiscoveryClient - Disable delta property : false
2025-07-30 11:46:42 INFO  c.netflix.discovery.DiscoveryClient - Single vip registry refresh property : null
2025-07-30 11:46:42 INFO  c.netflix.discovery.DiscoveryClient - Force full registry fetch : false
2025-07-30 11:46:42 INFO  c.netflix.discovery.DiscoveryClient - Application is null : false
2025-07-30 11:46:42 INFO  c.netflix.discovery.DiscoveryClient - Registered Applications size is zero : true
2025-07-30 11:46:42 INFO  c.netflix.discovery.DiscoveryClient - Application version is -1: true
2025-07-30 11:46:42 INFO  c.netflix.discovery.DiscoveryClient - Getting all instance registry info from the eureka server
2025-07-30 11:46:43 INFO  c.netflix.discovery.DiscoveryClient - The response status is 200
2025-07-30 11:46:43 INFO  c.netflix.discovery.DiscoveryClient - Starting heartbeat executor: renew interval is: 30
2025-07-30 11:46:43 INFO  c.n.discovery.InstanceInfoReplicator - InstanceInfoReplicator onDemand update allowed rate per min is 4
2025-07-30 11:46:43 INFO  c.netflix.discovery.DiscoveryClient - Discovery Client initialized at timestamp 1753856203504 with initial instances count: 1
2025-07-30 11:46:43 INFO  o.s.c.n.e.s.EurekaServiceRegistry - Registering application PRODUCT-SERVICE with eureka with status UP
2025-07-30 11:46:43 INFO  c.netflix.discovery.DiscoveryClient - Saw local status change event StatusChangeEvent [timestamp=1753856203527, current=UP, previous=STARTING]
2025-07-30 11:46:43 INFO  c.netflix.discovery.DiscoveryClient - DiscoveryClient_PRODUCT-SERVICE/DESKTOP-IISLKJA:product-service:8082: registering service...
2025-07-30 11:46:43 INFO  o.s.b.w.e.tomcat.TomcatWebServer - Tomcat started on port 8082 (http) with context path '/'
2025-07-30 11:46:43 INFO  o.s.c.n.e.s.EurekaAutoServiceRegistration - Updating port to 8082
2025-07-30 11:46:43 INFO  c.I.p.ProductServiceApplication - Started ProductServiceApplication in 21.283 seconds (process running for 23.323)
2025-07-30 11:46:43 INFO  c.netflix.discovery.DiscoveryClient - DiscoveryClient_PRODUCT-SERVICE/DESKTOP-IISLKJA:product-service:8082 - registration status: 204
2025-07-30 11:51:42 INFO  c.n.d.s.r.aws.ConfigClusterResolver - Resolving eureka endpoints via configuration
2025-07-30 11:52:03 INFO  o.a.c.c.C.[Tomcat].[localhost].[/] - Initializing Spring DispatcherServlet 'dispatcherServlet'
2025-07-30 11:52:03 INFO  o.s.web.servlet.DispatcherServlet - Initializing Servlet 'dispatcherServlet'
2025-07-30 11:52:04 INFO  o.s.web.servlet.DispatcherServlet - Completed initialization in 299 ms
2025-07-30 11:56:41 INFO  o.s.c.n.e.s.EurekaServiceRegistry - Unregistering application PRODUCT-SERVICE with eureka with status DOWN
2025-07-30 11:56:41 INFO  c.netflix.discovery.DiscoveryClient - Saw local status change event StatusChangeEvent [timestamp=1753856801810, current=DOWN, previous=UP]
2025-07-30 11:56:41 INFO  c.netflix.discovery.DiscoveryClient - DiscoveryClient_PRODUCT-SERVICE/DESKTOP-IISLKJA:product-service:8082: registering service...
2025-07-30 11:56:41 INFO  o.s.b.w.e.tomcat.GracefulShutdown - Commencing graceful shutdown. Waiting for active requests to complete
2025-07-30 11:56:41 INFO  c.netflix.discovery.DiscoveryClient - DiscoveryClient_PRODUCT-SERVICE/DESKTOP-IISLKJA:product-service:8082 - registration status: 204
2025-07-30 11:56:41 INFO  o.s.b.w.e.tomcat.GracefulShutdown - Graceful shutdown complete
2025-07-30 11:56:42 INFO  o.s.o.j.LocalContainerEntityManagerFactoryBean - Closing JPA EntityManagerFactory for persistence unit 'default'
2025-07-30 11:56:42 INFO  com.zaxxer.hikari.HikariDataSource - HikariPool-1 - Shutdown initiated...
2025-07-30 11:56:42 INFO  com.zaxxer.hikari.HikariDataSource - HikariPool-1 - Shutdown completed.
2025-07-30 11:56:42 INFO  c.netflix.discovery.DiscoveryClient - Shutting down DiscoveryClient ...
2025-07-30 11:56:42 INFO  c.n.d.s.r.aws.ConfigClusterResolver - Resolving eureka endpoints via configuration
2025-07-30 11:56:45 INFO  c.netflix.discovery.DiscoveryClient - Unregistering ...
2025-07-30 11:56:45 WARN  c.n.discovery.TimedSupervisorTask - task supervisor shutting down, can't accept the task
2025-07-30 11:56:45 INFO  c.netflix.discovery.DiscoveryClient - DiscoveryClient_PRODUCT-SERVICE/DESKTOP-IISLKJA:product-service:8082 - deregister  status: 200
2025-07-30 11:56:45 INFO  c.netflix.discovery.DiscoveryClient - Completed shut down of DiscoveryClient
2025-07-30 13:05:42 INFO  c.I.p.ProductServiceApplication - Starting ProductServiceApplication using Java 21.0.7 with PID 22012 (D:\InventoryMangementProject\product-service\target\classes started by Subhrajyoti Sahoo in D:\InventoryMangementProject\user-service)
2025-07-30 13:05:42 INFO  c.I.p.ProductServiceApplication - No active profile set, falling back to 1 default profile: "default"
2025-07-30 13:05:46 INFO  o.s.d.r.c.RepositoryConfigurationDelegate - Bootstrapping Spring Data JPA repositories in DEFAULT mode.
2025-07-30 13:05:46 INFO  o.s.d.r.c.RepositoryConfigurationDelegate - Finished Spring Data repository scanning in 302 ms. Found 1 JPA repository interface.
2025-07-30 13:05:47 INFO  o.s.cloud.context.scope.GenericScope - BeanFactory id=b826f8e8-622e-33e5-94cf-75037c65c230
2025-07-30 13:05:48 INFO  o.s.b.w.e.tomcat.TomcatWebServer - Tomcat initialized with port 8082 (http)
2025-07-30 13:05:48 INFO  o.a.catalina.core.StandardService - Starting service [Tomcat]
2025-07-30 13:05:48 INFO  o.a.catalina.core.StandardEngine - Starting Servlet engine: [Apache Tomcat/10.1.42]
2025-07-30 13:05:49 INFO  o.a.c.c.C.[Tomcat].[localhost].[/] - Initializing Spring embedded WebApplicationContext
2025-07-30 13:05:49 INFO  o.s.b.w.s.c.ServletWebServerApplicationContext - Root WebApplicationContext: initialization completed in 5986 ms
2025-07-30 13:05:50 INFO  o.h.jpa.internal.util.LogHelper - HHH000204: Processing PersistenceUnitInfo [name: default]
2025-07-30 13:05:50 INFO  org.hibernate.Version - HHH000412: Hibernate ORM core version 6.6.18.Final
2025-07-30 13:05:50 INFO  o.h.c.i.RegionFactoryInitiator - HHH000026: Second-level cache disabled
2025-07-30 13:05:51 INFO  o.s.o.j.p.SpringPersistenceUnitInfo - No LoadTimeWeaver setup: ignoring JPA class transformer
2025-07-30 13:05:51 INFO  com.zaxxer.hikari.HikariDataSource - HikariPool-1 - Starting...
2025-07-30 13:05:51 INFO  com.zaxxer.hikari.pool.HikariPool - HikariPool-1 - Added connection com.mysql.cj.jdbc.ConnectionImpl@272485a6
2025-07-30 13:05:51 INFO  com.zaxxer.hikari.HikariDataSource - HikariPool-1 - Start completed.
2025-07-30 13:05:52 INFO  o.hibernate.orm.connections.pooling - HHH10001005: Database info:
	Database JDBC URL [Connecting through datasource 'HikariDataSource (HikariPool-1)']
	Database driver: undefined/unknown
	Database version: 8.0.42
	Autocommit mode: undefined/unknown
	Isolation level: undefined/unknown
	Minimum pool size: undefined/unknown
	Maximum pool size: undefined/unknown
2025-07-30 13:05:53 INFO  o.h.e.t.j.p.i.JtaPlatformInitiator - HHH000489: No JTA platform available (set 'hibernate.transaction.jta.platform' to enable JTA platform integration)
2025-07-30 13:05:53 INFO  o.s.o.j.LocalContainerEntityManagerFactoryBean - Initialized JPA EntityManagerFactory for persistence unit 'default'
2025-07-30 13:05:54 WARN  o.s.b.a.o.j.JpaBaseConfiguration$JpaWebConfiguration - spring.jpa.open-in-view is enabled by default. Therefore, database queries may be performed during view rendering. Explicitly configure spring.jpa.open-in-view to disable this warning
2025-07-30 13:05:57 INFO  o.s.c.n.e.c.DiscoveryClientOptionalArgsConfiguration - Eureka HTTP Client uses RestTemplate.
2025-07-30 13:05:58 WARN  o.s.c.l.c.LoadBalancerCacheAutoConfiguration$LoadBalancerCaffeineWarnLogger - Spring Cloud LoadBalancer is currently working with the default cache. While this cache implementation is useful for development and tests, it's recommended to use Caffeine cache in production.You can switch to using Caffeine cache, by adding it and org.springframework.cache.caffeine.CaffeineCacheManager to the classpath.
2025-07-30 13:05:58 INFO  o.s.b.a.e.web.EndpointLinksResolver - Exposing 1 endpoint beneath base path '/actuator'
2025-07-30 13:05:58 INFO  o.s.c.n.eureka.InstanceInfoFactory - Setting initial instance status as: STARTING
2025-07-30 13:05:58 INFO  c.netflix.discovery.DiscoveryClient - Initializing Eureka in region us-east-1
2025-07-30 13:05:58 INFO  c.n.d.s.r.aws.ConfigClusterResolver - Resolving eureka endpoints via configuration
2025-07-30 13:05:58 INFO  c.netflix.discovery.DiscoveryClient - Disable delta property : false
2025-07-30 13:05:58 INFO  c.netflix.discovery.DiscoveryClient - Single vip registry refresh property : null
2025-07-30 13:05:58 INFO  c.netflix.discovery.DiscoveryClient - Force full registry fetch : false
2025-07-30 13:05:58 INFO  c.netflix.discovery.DiscoveryClient - Application is null : false
2025-07-30 13:05:58 INFO  c.netflix.discovery.DiscoveryClient - Registered Applications size is zero : true
2025-07-30 13:05:58 INFO  c.netflix.discovery.DiscoveryClient - Application version is -1: true
2025-07-30 13:05:58 INFO  c.netflix.discovery.DiscoveryClient - Getting all instance registry info from the eureka server
2025-07-30 13:05:59 INFO  c.netflix.discovery.DiscoveryClient - The response status is 200
2025-07-30 13:05:59 INFO  c.netflix.discovery.DiscoveryClient - Starting heartbeat executor: renew interval is: 30
2025-07-30 13:05:59 INFO  c.n.discovery.InstanceInfoReplicator - InstanceInfoReplicator onDemand update allowed rate per min is 4
2025-07-30 13:05:59 INFO  c.netflix.discovery.DiscoveryClient - Discovery Client initialized at timestamp 1753860959081 with initial instances count: 2
2025-07-30 13:05:59 INFO  o.s.c.n.e.s.EurekaServiceRegistry - Registering application PRODUCT-SERVICE with eureka with status UP
2025-07-30 13:05:59 INFO  c.netflix.discovery.DiscoveryClient - Saw local status change event StatusChangeEvent [timestamp=1753860959107, current=UP, previous=STARTING]
2025-07-30 13:05:59 INFO  c.netflix.discovery.DiscoveryClient - DiscoveryClient_PRODUCT-SERVICE/DESKTOP-IISLKJA:product-service:8082: registering service...
2025-07-30 13:05:59 INFO  o.s.b.w.e.tomcat.TomcatWebServer - Tomcat started on port 8082 (http) with context path '/'
2025-07-30 13:05:59 INFO  o.s.c.n.e.s.EurekaAutoServiceRegistration - Updating port to 8082
2025-07-30 13:05:59 INFO  c.netflix.discovery.DiscoveryClient - DiscoveryClient_PRODUCT-SERVICE/DESKTOP-IISLKJA:product-service:8082 - registration status: 204
2025-07-30 13:05:59 INFO  c.I.p.ProductServiceApplication - Started ProductServiceApplication in 17.77 seconds (process running for 19.359)
2025-07-30 13:06:08 INFO  o.a.c.c.C.[Tomcat].[localhost].[/] - Initializing Spring DispatcherServlet 'dispatcherServlet'
2025-07-30 13:06:08 INFO  o.s.web.servlet.DispatcherServlet - Initializing Servlet 'dispatcherServlet'
2025-07-30 13:06:08 INFO  o.s.web.servlet.DispatcherServlet - Completed initialization in 6 ms
2025-07-30 13:10:58 INFO  c.n.d.s.r.aws.ConfigClusterResolver - Resolving eureka endpoints via configuration
2025-07-30 13:15:58 INFO  c.n.d.s.r.aws.ConfigClusterResolver - Resolving eureka endpoints via configuration
2025-07-30 13:20:58 INFO  c.n.d.s.r.aws.ConfigClusterResolver - Resolving eureka endpoints via configuration
2025-07-30 13:25:58 INFO  c.n.d.s.r.aws.ConfigClusterResolver - Resolving eureka endpoints via configuration
2025-07-30 13:30:58 INFO  c.n.d.s.r.aws.ConfigClusterResolver - Resolving eureka endpoints via configuration
2025-07-30 13:35:58 INFO  c.n.d.s.r.aws.ConfigClusterResolver - Resolving eureka endpoints via configuration
2025-07-30 13:40:58 INFO  c.n.d.s.r.aws.ConfigClusterResolver - Resolving eureka endpoints via configuration
2025-07-30 13:45:58 INFO  c.n.d.s.r.aws.ConfigClusterResolver - Resolving eureka endpoints via configuration
2025-07-30 13:50:58 INFO  c.n.d.s.r.aws.ConfigClusterResolver - Resolving eureka endpoints via configuration
2025-07-30 13:55:58 INFO  c.n.d.s.r.aws.ConfigClusterResolver - Resolving eureka endpoints via configuration
2025-07-30 14:00:58 INFO  c.n.d.s.r.aws.ConfigClusterResolver - Resolving eureka endpoints via configuration
2025-07-30 15:00:25 WARN  com.zaxxer.hikari.pool.HikariPool - HikariPool-1 - Thread starvation or clock leap detected (housekeeper delta=55m32s756ms296µs500ns).
2025-07-30 15:01:05 INFO  c.n.d.s.r.aws.ConfigClusterResolver - Resolving eureka endpoints via configuration
2025-07-30 15:06:05 INFO  c.n.d.s.r.aws.ConfigClusterResolver - Resolving eureka endpoints via configuration
2025-07-30 15:11:05 INFO  c.n.d.s.r.aws.ConfigClusterResolver - Resolving eureka endpoints via configuration
2025-07-30 15:16:04 INFO  c.n.d.s.r.aws.ConfigClusterResolver - Resolving eureka endpoints via configuration
2025-07-30 15:21:04 INFO  c.n.d.s.r.aws.ConfigClusterResolver - Resolving eureka endpoints via configuration
2025-07-30 15:26:04 INFO  c.n.d.s.r.aws.ConfigClusterResolver - Resolving eureka endpoints via configuration
2025-07-30 15:31:04 INFO  c.n.d.s.r.aws.ConfigClusterResolver - Resolving eureka endpoints via configuration
2025-07-30 15:36:04 INFO  c.n.d.s.r.aws.ConfigClusterResolver - Resolving eureka endpoints via configuration
2025-07-30 15:41:04 INFO  c.n.d.s.r.aws.ConfigClusterResolver - Resolving eureka endpoints via configuration
2025-07-30 15:46:04 INFO  c.n.d.s.r.aws.ConfigClusterResolver - Resolving eureka endpoints via configuration
2025-07-30 15:51:04 INFO  c.n.d.s.r.aws.ConfigClusterResolver - Resolving eureka endpoints via configuration
2025-07-30 15:56:04 INFO  c.n.d.s.r.aws.ConfigClusterResolver - Resolving eureka endpoints via configuration
2025-07-30 16:01:04 INFO  c.n.d.s.r.aws.ConfigClusterResolver - Resolving eureka endpoints via configuration
2025-07-30 16:06:04 INFO  c.n.d.s.r.aws.ConfigClusterResolver - Resolving eureka endpoints via configuration
2025-07-30 16:11:04 INFO  c.n.d.s.r.aws.ConfigClusterResolver - Resolving eureka endpoints via configuration
2025-07-30 16:16:04 INFO  c.n.d.s.r.aws.ConfigClusterResolver - Resolving eureka endpoints via configuration
2025-07-30 16:21:04 INFO  c.n.d.s.r.aws.ConfigClusterResolver - Resolving eureka endpoints via configuration
2025-07-30 16:26:04 INFO  c.n.d.s.r.aws.ConfigClusterResolver - Resolving eureka endpoints via configuration
2025-07-30 16:31:04 INFO  c.n.d.s.r.aws.ConfigClusterResolver - Resolving eureka endpoints via configuration
2025-07-30 16:36:04 INFO  c.n.d.s.r.aws.ConfigClusterResolver - Resolving eureka endpoints via configuration
2025-07-30 16:41:04 INFO  c.n.d.s.r.aws.ConfigClusterResolver - Resolving eureka endpoints via configuration
2025-07-30 16:46:04 INFO  c.n.d.s.r.aws.ConfigClusterResolver - Resolving eureka endpoints via configuration
2025-07-30 16:51:04 INFO  c.n.d.s.r.aws.ConfigClusterResolver - Resolving eureka endpoints via configuration
2025-07-30 16:56:04 INFO  c.n.d.s.r.aws.ConfigClusterResolver - Resolving eureka endpoints via configuration
2025-07-30 17:01:04 INFO  c.n.d.s.r.aws.ConfigClusterResolver - Resolving eureka endpoints via configuration
2025-07-30 17:06:04 INFO  c.n.d.s.r.aws.ConfigClusterResolver - Resolving eureka endpoints via configuration
2025-07-30 17:11:04 INFO  c.n.d.s.r.aws.ConfigClusterResolver - Resolving eureka endpoints via configuration
2025-07-30 17:16:05 INFO  c.n.d.s.r.aws.ConfigClusterResolver - Resolving eureka endpoints via configuration
2025-07-30 17:21:05 INFO  c.n.d.s.r.aws.ConfigClusterResolver - Resolving eureka endpoints via configuration
2025-07-30 17:26:05 INFO  c.n.d.s.r.aws.ConfigClusterResolver - Resolving eureka endpoints via configuration
2025-07-30 17:31:05 INFO  c.n.d.s.r.aws.ConfigClusterResolver - Resolving eureka endpoints via configuration
2025-07-30 17:36:05 INFO  c.n.d.s.r.aws.ConfigClusterResolver - Resolving eureka endpoints via configuration
2025-07-30 17:41:05 INFO  c.n.d.s.r.aws.ConfigClusterResolver - Resolving eureka endpoints via configuration
2025-07-30 17:46:05 INFO  c.n.d.s.r.aws.ConfigClusterResolver - Resolving eureka endpoints via configuration
2025-07-30 17:51:05 INFO  c.n.d.s.r.aws.ConfigClusterResolver - Resolving eureka endpoints via configuration
2025-07-30 17:56:05 INFO  c.n.d.s.r.aws.ConfigClusterResolver - Resolving eureka endpoints via configuration
2025-07-30 18:01:05 INFO  c.n.d.s.r.aws.ConfigClusterResolver - Resolving eureka endpoints via configuration
2025-07-30 18:06:05 INFO  c.n.d.s.r.aws.ConfigClusterResolver - Resolving eureka endpoints via configuration
2025-07-30 18:11:05 INFO  c.n.d.s.r.aws.ConfigClusterResolver - Resolving eureka endpoints via configuration
2025-07-30 18:16:05 INFO  c.n.d.s.r.aws.ConfigClusterResolver - Resolving eureka endpoints via configuration
2025-07-30 18:21:05 INFO  c.n.d.s.r.aws.ConfigClusterResolver - Resolving eureka endpoints via configuration
2025-07-30 18:26:05 INFO  c.n.d.s.r.aws.ConfigClusterResolver - Resolving eureka endpoints via configuration
2025-07-30 18:31:05 INFO  c.n.d.s.r.aws.ConfigClusterResolver - Resolving eureka endpoints via configuration
2025-07-30 18:36:05 INFO  c.n.d.s.r.aws.ConfigClusterResolver - Resolving eureka endpoints via configuration
2025-07-30 18:41:05 INFO  c.n.d.s.r.aws.ConfigClusterResolver - Resolving eureka endpoints via configuration
2025-07-30 18:46:05 INFO  c.n.d.s.r.aws.ConfigClusterResolver - Resolving eureka endpoints via configuration
2025-07-30 18:51:05 INFO  c.n.d.s.r.aws.ConfigClusterResolver - Resolving eureka endpoints via configuration
2025-07-30 18:56:05 INFO  c.n.d.s.r.aws.ConfigClusterResolver - Resolving eureka endpoints via configuration
2025-07-30 19:01:05 INFO  c.n.d.s.r.aws.ConfigClusterResolver - Resolving eureka endpoints via configuration
2025-07-30 19:06:05 INFO  c.n.d.s.r.aws.ConfigClusterResolver - Resolving eureka endpoints via configuration
2025-07-30 19:11:05 INFO  c.n.d.s.r.aws.ConfigClusterResolver - Resolving eureka endpoints via configuration
2025-07-30 19:16:05 INFO  c.n.d.s.r.aws.ConfigClusterResolver - Resolving eureka endpoints via configuration
2025-07-30 20:25:48 WARN  com.zaxxer.hikari.pool.HikariPool - HikariPool-1 - Thread starvation or clock leap detected (housekeeper delta=1h5m49s663ms962µs900ns).
